{"/home/travis/build/npmtest/node-npmtest-nodal/test.js":{"path":"/home/travis/build/npmtest/node-npmtest-nodal/test.js","s":{"1":2,"2":2,"3":2,"4":2,"5":2,"6":2,"7":2,"8":1,"9":2,"10":2,"11":1,"12":1,"13":1,"14":1,"15":2,"16":2,"17":2,"18":2,"19":1,"20":1,"21":2,"22":2,"23":2,"24":1,"25":1,"26":1,"27":1,"28":1,"29":1,"30":1,"31":1,"32":1,"33":1,"34":1,"35":1,"36":1,"37":2,"38":2,"39":1,"40":2,"41":2,"42":1,"43":2,"44":2,"45":1,"46":2,"47":2,"48":1,"49":1,"50":1,"51":1,"52":1},"b":{"1":[2,1,1,1],"2":[1,1,1,1],"3":[1,1],"4":[1,1],"5":[1,1],"6":[1,1],"7":[1,1],"8":[1,1],"9":[1,1,1],"10":[1,1],"11":[1,1],"12":[1,1],"13":[1,1],"14":[1,1],"15":[1,1],"16":[1,1]},"f":{"1":2,"2":2,"3":2,"4":2,"5":2,"6":1,"7":1,"8":2,"9":2,"10":2,"11":2,"12":1},"fnMap":{"1":{"name":"(anonymous_1)","line":12,"loc":{"start":{"line":12,"column":1},"end":{"line":12,"column":13}}},"2":{"name":"(anonymous_2)","line":19,"loc":{"start":{"line":19,"column":5},"end":{"line":19,"column":17}}},"3":{"name":"(anonymous_3)","line":23,"loc":{"start":{"line":23,"column":24},"end":{"line":23,"column":36}}},"4":{"name":"(anonymous_4)","line":61,"loc":{"start":{"line":61,"column":5},"end":{"line":61,"column":17}}},"5":{"name":"(anonymous_5)","line":82,"loc":{"start":{"line":82,"column":5},"end":{"line":82,"column":17}}},"6":{"name":"(anonymous_6)","line":102,"loc":{"start":{"line":102,"column":83},"end":{"line":105,"column":10}},"skip":true},"7":{"name":"(anonymous_7)","line":113,"loc":{"start":{"line":113,"column":77},"end":{"line":116,"column":10}},"skip":true},"8":{"name":"(anonymous_8)","line":129,"loc":{"start":{"line":129,"column":12},"end":{"line":129,"column":40}},"skip":true},"9":{"name":"(anonymous_9)","line":137,"loc":{"start":{"line":137,"column":77},"end":{"line":140,"column":10}},"skip":true},"10":{"name":"(anonymous_10)","line":148,"loc":{"start":{"line":148,"column":83},"end":{"line":151,"column":10}},"skip":true},"11":{"name":"(anonymous_11)","line":159,"loc":{"start":{"line":159,"column":79},"end":{"line":162,"column":10}},"skip":true},"12":{"name":"(anonymous_12)","line":170,"loc":{"start":{"line":170,"column":75},"end":{"line":173,"column":10}},"skip":true}},"statementMap":{"1":{"start":{"line":12,"column":0},"end":{"line":185,"column":5}},"2":{"start":{"line":14,"column":4},"end":{"line":14,"column":14}},"3":{"start":{"line":19,"column":4},"end":{"line":56,"column":9}},"4":{"start":{"line":21,"column":8},"end":{"line":21,"column":19}},"5":{"start":{"line":23,"column":8},"end":{"line":35,"column":13}},"6":{"start":{"line":24,"column":12},"end":{"line":34,"column":13}},"7":{"start":{"line":25,"column":16},"end":{"line":28,"column":30}},"8":{"start":{"line":30,"column":16},"end":{"line":33,"column":27}},"9":{"start":{"line":37,"column":8},"end":{"line":39,"column":21}},"10":{"start":{"line":40,"column":8},"end":{"line":53,"column":9}},"11":{"start":{"line":43,"column":12},"end":{"line":46,"column":14}},"12":{"start":{"line":47,"column":12},"end":{"line":47,"column":18}},"13":{"start":{"line":50,"column":12},"end":{"line":51,"column":46}},"14":{"start":{"line":52,"column":12},"end":{"line":52,"column":18}},"15":{"start":{"line":55,"column":8},"end":{"line":55,"column":35}},"16":{"start":{"line":61,"column":4},"end":{"line":63,"column":9}},"17":{"start":{"line":62,"column":8},"end":{"line":62,"column":15}},"18":{"start":{"line":64,"column":4},"end":{"line":77,"column":5}},"19":{"start":{"line":70,"column":8},"end":{"line":70,"column":14}},"20":{"start":{"line":76,"column":8},"end":{"line":76,"column":14}},"21":{"start":{"line":82,"column":4},"end":{"line":84,"column":9}},"22":{"start":{"line":83,"column":8},"end":{"line":83,"column":15}},"23":{"start":{"line":85,"column":4},"end":{"line":184,"column":5}},"24":{"start":{"line":92,"column":8},"end":{"line":94,"column":63}},"25":{"start":{"line":95,"column":8},"end":{"line":95,"column":14}},"26":{"start":{"line":102,"column":8},"end":{"line":111,"column":10},"skip":true},"27":{"start":{"line":109,"column":12},"end":{"line":109,"column":55},"skip":true},"28":{"start":{"line":110,"column":12},"end":{"line":110,"column":48},"skip":true},"29":{"start":{"line":113,"column":8},"end":{"line":126,"column":10},"skip":true},"30":{"start":{"line":120,"column":12},"end":{"line":120,"column":76},"skip":true},"31":{"start":{"line":121,"column":12},"end":{"line":121,"column":73},"skip":true},"32":{"start":{"line":122,"column":12},"end":{"line":122,"column":74},"skip":true},"33":{"start":{"line":123,"column":12},"end":{"line":123,"column":79},"skip":true},"34":{"start":{"line":124,"column":12},"end":{"line":124,"column":25},"skip":true},"35":{"start":{"line":125,"column":12},"end":{"line":125,"column":45},"skip":true},"36":{"start":{"line":128,"column":8},"end":{"line":135,"column":14},"skip":true},"37":{"start":{"line":133,"column":16},"end":{"line":133,"column":29},"skip":true},"38":{"start":{"line":134,"column":16},"end":{"line":134,"column":55},"skip":true},"39":{"start":{"line":137,"column":8},"end":{"line":146,"column":10},"skip":true},"40":{"start":{"line":144,"column":12},"end":{"line":144,"column":25},"skip":true},"41":{"start":{"line":145,"column":12},"end":{"line":145,"column":45},"skip":true},"42":{"start":{"line":148,"column":8},"end":{"line":157,"column":10},"skip":true},"43":{"start":{"line":155,"column":12},"end":{"line":155,"column":25},"skip":true},"44":{"start":{"line":156,"column":12},"end":{"line":156,"column":48},"skip":true},"45":{"start":{"line":159,"column":8},"end":{"line":168,"column":10},"skip":true},"46":{"start":{"line":166,"column":12},"end":{"line":166,"column":25},"skip":true},"47":{"start":{"line":167,"column":12},"end":{"line":167,"column":46},"skip":true},"48":{"start":{"line":170,"column":8},"end":{"line":179,"column":10},"skip":true},"49":{"start":{"line":177,"column":12},"end":{"line":177,"column":94},"skip":true},"50":{"start":{"line":178,"column":12},"end":{"line":178,"column":48},"skip":true},"51":{"start":{"line":182,"column":8},"end":{"line":182,"column":35},"skip":true},"52":{"start":{"line":183,"column":8},"end":{"line":183,"column":14},"skip":true}},"branchMap":{"1":{"line":25,"type":"binary-expr","locations":[{"start":{"line":25,"column":23},"end":{"line":25,"column":62}},{"start":{"line":26,"column":20},"end":{"line":26,"column":70}},{"start":{"line":27,"column":20},"end":{"line":27,"column":71}},{"start":{"line":28,"column":20},"end":{"line":28,"column":29}}]},"2":{"line":30,"type":"binary-expr","locations":[{"start":{"line":30,"column":23},"end":{"line":30,"column":37}},{"start":{"line":31,"column":20},"end":{"line":31,"column":61}},{"start":{"line":32,"column":20},"end":{"line":32,"column":70}},{"start":{"line":33,"column":20},"end":{"line":33,"column":26}}]},"3":{"line":37,"type":"cond-expr","locations":[{"start":{"line":38,"column":14},"end":{"line":38,"column":20}},{"start":{"line":39,"column":14},"end":{"line":39,"column":20}}]},"4":{"line":40,"type":"switch","locations":[{"start":{"line":42,"column":8},"end":{"line":47,"column":18}},{"start":{"line":49,"column":8},"end":{"line":52,"column":18}}]},"5":{"line":44,"type":"binary-expr","locations":[{"start":{"line":44,"column":16},"end":{"line":44,"column":44}},{"start":{"line":44,"column":48},"end":{"line":44,"column":66}}]},"6":{"line":50,"type":"binary-expr","locations":[{"start":{"line":50,"column":21},"end":{"line":50,"column":49}},{"start":{"line":50,"column":53},"end":{"line":50,"column":72}}]},"7":{"line":64,"type":"switch","locations":[{"start":{"line":69,"column":4},"end":{"line":70,"column":14}},{"start":{"line":75,"column":4},"end":{"line":76,"column":14}}]},"8":{"line":85,"type":"switch","locations":[{"start":{"line":90,"column":4},"end":{"line":95,"column":14}},{"start":{"line":101,"column":4},"end":{"line":183,"column":14},"skip":true}]},"9":{"line":92,"type":"binary-expr","locations":[{"start":{"line":92,"column":18},"end":{"line":92,"column":32}},{"start":{"line":93,"column":12},"end":{"line":93,"column":53}},{"start":{"line":94,"column":12},"end":{"line":94,"column":61}}]},"10":{"line":102,"type":"binary-expr","locations":[{"start":{"line":102,"column":45},"end":{"line":102,"column":79},"skip":true},{"start":{"line":102,"column":83},"end":{"line":111,"column":9},"skip":true}]},"11":{"line":113,"type":"binary-expr","locations":[{"start":{"line":113,"column":42},"end":{"line":113,"column":73},"skip":true},{"start":{"line":113,"column":77},"end":{"line":126,"column":9},"skip":true}]},"12":{"line":128,"type":"binary-expr","locations":[{"start":{"line":128,"column":48},"end":{"line":128,"column":85},"skip":true},{"start":{"line":129,"column":12},"end":{"line":135,"column":13},"skip":true}]},"13":{"line":137,"type":"binary-expr","locations":[{"start":{"line":137,"column":42},"end":{"line":137,"column":73},"skip":true},{"start":{"line":137,"column":77},"end":{"line":146,"column":9},"skip":true}]},"14":{"line":148,"type":"binary-expr","locations":[{"start":{"line":148,"column":45},"end":{"line":148,"column":79},"skip":true},{"start":{"line":148,"column":83},"end":{"line":157,"column":9},"skip":true}]},"15":{"line":159,"type":"binary-expr","locations":[{"start":{"line":159,"column":43},"end":{"line":159,"column":75},"skip":true},{"start":{"line":159,"column":79},"end":{"line":168,"column":9},"skip":true}]},"16":{"line":170,"type":"binary-expr","locations":[{"start":{"line":170,"column":41},"end":{"line":170,"column":71},"skip":true},{"start":{"line":170,"column":75},"end":{"line":179,"column":9},"skip":true}]}},"code":["/* istanbul instrument in package npmtest_nodal */","/*jslint","    bitwise: true,","    browser: true,","    maxerr: 8,","    maxlen: 96,","    node: true,","    nomen: true,","    regexp: true,","    stupid: true","*/","(function () {","    'use strict';","    var local;","","","","    // run shared js-env code - pre-init","    (function () {","        // init local","        local = {};","        // init modeJs","        local.modeJs = (function () {","            try {","                return typeof navigator.userAgent === 'string' &&","                    typeof document.querySelector('body') === 'object' &&","                    typeof XMLHttpRequest.prototype.open === 'function' &&","                    'browser';","            } catch (errorCaughtBrowser) {","                return module.exports &&","                    typeof process.versions.node === 'string' &&","                    typeof require('http').createServer === 'function' &&","                    'node';","            }","        }());","        // init global","        local.global = local.modeJs === 'browser'","            ? window","            : global;","        switch (local.modeJs) {","        // re-init local from window.local","        case 'browser':","            local = local.global.utility2.objectSetDefault(","                local.global.utility2_rollup || local.global.local,","                local.global.utility2","            );","            break;","        // re-init local from example.js","        case 'node':","            local = (local.global.utility2_rollup || require('utility2'))","                .requireExampleJsFromReadme();","            break;","        }","        // export local","        local.global.local = local;","    }());","","","","    // run shared js-env code - function","    (function () {","        return;","    }());","    switch (local.modeJs) {","","","","    // run browser js-env code - function","    case 'browser':","        break;","","","","    // run node js-env code - function","    case 'node':","        break;","    }","","","","    // run shared js-env code - post-init","    (function () {","        return;","    }());","    switch (local.modeJs) {","","","","    // run browser js-env code - post-init","    case 'browser':","        // run tests","        local.nop(local.modeTest &&","            document.querySelector('#testRunButton1') &&","            document.querySelector('#testRunButton1').click());","        break;","","","","    // run node js-env code - post-init","    /* istanbul ignore next */","    case 'node':","        local.testCase_buildApidoc_default = local.testCase_buildApidoc_default || function (","            options,","            onError","        ) {","        /*","         * this function will test buildApidoc's default handling-behavior-behavior","         */","            options = { modulePathList: module.paths };","            local.buildApidoc(options, onError);","        };","","        local.testCase_buildApp_default = local.testCase_buildApp_default || function (","            options,","            onError","        ) {","        /*","         * this function will test buildApp's default handling-behavior-behavior","         */","            local.testCase_buildReadme_default(options, local.onErrorThrow);","            local.testCase_buildLib_default(options, local.onErrorThrow);","            local.testCase_buildTest_default(options, local.onErrorThrow);","            local.testCase_buildCustomOrg_default(options, local.onErrorThrow);","            options = [];","            local.buildApp(options, onError);","        };","","        local.testCase_buildCustomOrg_default = local.testCase_buildCustomOrg_default ||","            function (options, onError) {","            /*","             * this function will test buildCustomOrg's default handling-behavior","             */","                options = {};","                local.buildCustomOrg(options, onError);","            };","","        local.testCase_buildLib_default = local.testCase_buildLib_default || function (","            options,","            onError","        ) {","        /*","         * this function will test buildLib's default handling-behavior","         */","            options = {};","            local.buildLib(options, onError);","        };","","        local.testCase_buildReadme_default = local.testCase_buildReadme_default || function (","            options,","            onError","        ) {","        /*","         * this function will test buildReadme's default handling-behavior-behavior","         */","            options = {};","            local.buildReadme(options, onError);","        };","","        local.testCase_buildTest_default = local.testCase_buildTest_default || function (","            options,","            onError","        ) {","        /*","         * this function will test buildTest's default handling-behavior","         */","            options = {};","            local.buildTest(options, onError);","        };","","        local.testCase_webpage_default = local.testCase_webpage_default || function (","            options,","            onError","        ) {","        /*","         * this function will test webpage's default handling-behavior","         */","            options = { modeCoverageMerge: true, url: local.serverLocalHost + '?modeTest=1' };","            local.browserTest(options, onError);","        };","","        // run test-server","        local.testRunServer(local);","        break;","    }","}());",""],"l":{"12":2,"14":2,"19":2,"21":2,"23":2,"24":2,"25":2,"30":1,"37":2,"40":2,"43":1,"47":1,"50":1,"52":1,"55":2,"61":2,"62":2,"64":2,"70":1,"76":1,"82":2,"83":2,"85":2,"92":1,"95":1,"102":1,"109":1,"110":1,"113":1,"120":1,"121":1,"122":1,"123":1,"124":1,"125":1,"128":1,"133":2,"134":2,"137":1,"144":2,"145":2,"148":1,"155":2,"156":2,"159":1,"166":2,"167":2,"170":1,"177":1,"178":1,"182":1,"183":1}},"/home/travis/build/npmtest/node-npmtest-nodal/lib.npmtest_nodal.js":{"path":"/home/travis/build/npmtest/node-npmtest-nodal/lib.npmtest_nodal.js","s":{"1":2,"2":2,"3":2,"4":2,"5":2,"6":2,"7":2,"8":1,"9":2,"10":2,"11":2,"12":2,"13":1,"14":1,"15":1,"16":1},"b":{"1":[2,1,1,1],"2":[1,1,1,1],"3":[1,1],"4":[2,2],"5":[1,1]},"f":{"1":2,"2":2,"3":2},"fnMap":{"1":{"name":"(anonymous_1)","line":12,"loc":{"start":{"line":12,"column":1},"end":{"line":12,"column":13}}},"2":{"name":"(anonymous_2)","line":19,"loc":{"start":{"line":19,"column":5},"end":{"line":19,"column":17}}},"3":{"name":"(anonymous_3)","line":23,"loc":{"start":{"line":23,"column":24},"end":{"line":23,"column":36}}}},"statementMap":{"1":{"start":{"line":12,"column":0},"end":{"line":53,"column":5}},"2":{"start":{"line":14,"column":4},"end":{"line":14,"column":14}},"3":{"start":{"line":19,"column":4},"end":{"line":52,"column":9}},"4":{"start":{"line":21,"column":8},"end":{"line":21,"column":19}},"5":{"start":{"line":23,"column":8},"end":{"line":35,"column":13}},"6":{"start":{"line":24,"column":12},"end":{"line":34,"column":13}},"7":{"start":{"line":25,"column":16},"end":{"line":28,"column":30}},"8":{"start":{"line":30,"column":16},"end":{"line":33,"column":27}},"9":{"start":{"line":37,"column":8},"end":{"line":39,"column":21}},"10":{"start":{"line":41,"column":8},"end":{"line":41,"column":54}},"11":{"start":{"line":43,"column":8},"end":{"line":43,"column":50}},"12":{"start":{"line":45,"column":8},"end":{"line":51,"column":9}},"13":{"start":{"line":46,"column":12},"end":{"line":46,"column":56}},"14":{"start":{"line":48,"column":12},"end":{"line":48,"column":35}},"15":{"start":{"line":49,"column":12},"end":{"line":49,"column":49}},"16":{"start":{"line":50,"column":12},"end":{"line":50,"column":43}}},"branchMap":{"1":{"line":25,"type":"binary-expr","locations":[{"start":{"line":25,"column":23},"end":{"line":25,"column":62}},{"start":{"line":26,"column":20},"end":{"line":26,"column":70}},{"start":{"line":27,"column":20},"end":{"line":27,"column":71}},{"start":{"line":28,"column":20},"end":{"line":28,"column":29}}]},"2":{"line":30,"type":"binary-expr","locations":[{"start":{"line":30,"column":23},"end":{"line":30,"column":37}},{"start":{"line":31,"column":20},"end":{"line":31,"column":61}},{"start":{"line":32,"column":20},"end":{"line":32,"column":70}},{"start":{"line":33,"column":20},"end":{"line":33,"column":26}}]},"3":{"line":37,"type":"cond-expr","locations":[{"start":{"line":38,"column":14},"end":{"line":38,"column":20}},{"start":{"line":39,"column":14},"end":{"line":39,"column":20}}]},"4":{"line":41,"type":"binary-expr","locations":[{"start":{"line":41,"column":16},"end":{"line":41,"column":44}},{"start":{"line":41,"column":48},"end":{"line":41,"column":53}}]},"5":{"line":45,"type":"if","locations":[{"start":{"line":45,"column":8},"end":{"line":45,"column":8}},{"start":{"line":45,"column":8},"end":{"line":45,"column":8}}]}},"code":["/* istanbul instrument in package npmtest_nodal */","/*jslint","    bitwise: true,","    browser: true,","    maxerr: 8,","    maxlen: 96,","    node: true,","    nomen: true,","    regexp: true,","    stupid: true","*/","(function () {","    'use strict';","    var local;","","","","    // run shared js-env code - pre-init","    (function () {","        // init local","        local = {};","        // init modeJs","        local.modeJs = (function () {","            try {","                return typeof navigator.userAgent === 'string' &&","                    typeof document.querySelector('body') === 'object' &&","                    typeof XMLHttpRequest.prototype.open === 'function' &&","                    'browser';","            } catch (errorCaughtBrowser) {","                return module.exports &&","                    typeof process.versions.node === 'string' &&","                    typeof require('http').createServer === 'function' &&","                    'node';","            }","        }());","        // init global","        local.global = local.modeJs === 'browser'","            ? window","            : global;","        // init utility2_rollup","        local = local.global.utility2_rollup || local;","        // init lib","        local.local = local.npmtest_nodal = local;","        // init exports","        if (local.modeJs === 'browser') {","            local.global.utility2_npmtest_nodal = local;","        } else {","            module.exports = local;","            module.exports.__dirname = __dirname;","            module.exports.module = module;","        }","    }());","}());",""],"l":{"12":2,"14":2,"19":2,"21":2,"23":2,"24":2,"25":2,"30":1,"37":2,"41":2,"43":2,"45":2,"46":1,"48":1,"49":1,"50":1}},"/home/travis/build/npmtest/node-npmtest-nodal/example.js":{"path":"/home/travis/build/npmtest/node-npmtest-nodal/example.js","s":{"1":2,"2":2,"3":2,"4":2,"5":2,"6":2,"7":2,"8":1,"9":2,"10":2,"11":2,"12":2,"13":1,"14":2,"15":2,"16":2,"17":2,"18":2,"19":0,"20":2,"21":1,"22":1,"23":1,"24":1,"25":1,"26":0,"27":0,"28":1,"29":1,"30":2,"31":0,"32":0,"33":0,"34":1,"35":2,"36":2,"37":2,"38":2,"39":2,"40":2,"41":0,"42":2,"43":2,"44":2,"45":1,"46":3,"47":1,"48":1,"49":1,"50":1,"51":1,"52":1,"53":1,"54":1,"55":1,"56":1,"57":0,"58":1,"59":6,"60":6,"61":1,"62":2,"63":0,"64":2,"65":1,"66":1,"67":0,"68":0,"69":0,"70":0,"71":0,"72":0,"73":0,"74":0,"75":0,"76":0,"77":0,"78":0,"79":0,"80":0,"81":0,"82":0,"83":0},"b":{"1":[2,1,1,1],"2":[1,1,1,1],"3":[1,1],"4":[2,2],"5":[1,1],"6":[1,1],"7":[2,0],"8":[2,1,1,1,1,1],"9":[0,2,0],"10":[1,1],"11":[2,1,1],"12":[1,0],"13":[0,2],"14":[2,0,0,0,0,0,0],"15":[0,2],"16":[2,0],"17":[1,1],"18":[0,1],"19":[1,2,0,2],"20":[1,0],"21":[1,1],"22":[0,0],"23":[0,0],"24":[0,0],"25":[0,0],"26":[0,0],"27":[0,0],"28":[0,0]},"f":{"1":2,"2":2,"3":2,"4":2,"5":2,"6":2,"7":2,"8":2,"9":3,"10":1,"11":6,"12":0},"fnMap":{"1":{"name":"(anonymous_1)","line":26,"loc":{"start":{"line":26,"column":1},"end":{"line":26,"column":13}}},"2":{"name":"(anonymous_2)","line":33,"loc":{"start":{"line":33,"column":5},"end":{"line":33,"column":17}}},"3":{"name":"(anonymous_3)","line":37,"loc":{"start":{"line":37,"column":24},"end":{"line":37,"column":36}}},"4":{"name":"(anonymous_4)","line":69,"loc":{"start":{"line":69,"column":31},"end":{"line":69,"column":48}},"skip":true},"5":{"name":"(anonymous_5)","line":78,"loc":{"start":{"line":78,"column":26},"end":{"line":78,"column":45}},"skip":true},"6":{"name":"(anonymous_6)","line":123,"loc":{"start":{"line":123,"column":33},"end":{"line":123,"column":48}},"skip":true},"7":{"name":"(anonymous_7)","line":125,"loc":{"start":{"line":125,"column":27},"end":{"line":125,"column":39}},"skip":true},"8":{"name":"(anonymous_8)","line":133,"loc":{"start":{"line":133,"column":59},"end":{"line":133,"column":74}},"skip":true},"9":{"name":"(anonymous_9)","line":143,"loc":{"start":{"line":143,"column":45},"end":{"line":143,"column":62}},"skip":true},"10":{"name":"(anonymous_10)","line":144,"loc":{"start":{"line":144,"column":73},"end":{"line":144,"column":92}},"skip":true},"11":{"name":"(anonymous_11)","line":272,"loc":{"start":{"line":272,"column":51},"end":{"line":272,"column":77}},"skip":true},"12":{"name":"(anonymous_12)","line":314,"loc":{"start":{"line":314,"column":32},"end":{"line":314,"column":61}},"skip":true}},"statementMap":{"1":{"start":{"line":26,"column":0},"end":{"line":325,"column":5}},"2":{"start":{"line":28,"column":4},"end":{"line":28,"column":14}},"3":{"start":{"line":33,"column":4},"end":{"line":60,"column":9}},"4":{"start":{"line":35,"column":8},"end":{"line":35,"column":19}},"5":{"start":{"line":37,"column":8},"end":{"line":49,"column":13}},"6":{"start":{"line":38,"column":12},"end":{"line":48,"column":13}},"7":{"start":{"line":39,"column":16},"end":{"line":42,"column":30}},"8":{"start":{"line":44,"column":16},"end":{"line":47,"column":27}},"9":{"start":{"line":51,"column":8},"end":{"line":53,"column":21}},"10":{"start":{"line":55,"column":8},"end":{"line":57,"column":45}},"11":{"start":{"line":59,"column":8},"end":{"line":59,"column":35}},"12":{"start":{"line":61,"column":4},"end":{"line":324,"column":5}},"13":{"start":{"line":69,"column":8},"end":{"line":121,"column":10},"skip":true},"14":{"start":{"line":70,"column":12},"end":{"line":88,"column":13},"skip":true},"15":{"start":{"line":76,"column":16},"end":{"line":87,"column":19},"skip":true},"16":{"start":{"line":79,"column":20},"end":{"line":86,"column":21},"skip":true},"17":{"start":{"line":82,"column":24},"end":{"line":82,"column":43},"skip":true},"18":{"start":{"line":83,"column":24},"end":{"line":83,"column":30},"skip":true},"19":{"start":{"line":85,"column":24},"end":{"line":85,"column":49},"skip":true},"20":{"start":{"line":89,"column":12},"end":{"line":107,"column":13},"skip":true},"21":{"start":{"line":92,"column":16},"end":{"line":102,"column":17},"skip":true},"22":{"start":{"line":93,"column":20},"end":{"line":93,"column":86},"skip":true},"23":{"start":{"line":94,"column":20},"end":{"line":95,"column":45},"skip":true},"24":{"start":{"line":96,"column":20},"end":{"line":96,"column":42},"skip":true},"25":{"start":{"line":97,"column":20},"end":{"line":97,"column":48},"skip":true},"26":{"start":{"line":100,"column":20},"end":{"line":100,"column":85},"skip":true},"27":{"start":{"line":101,"column":20},"end":{"line":101,"column":96},"skip":true},"28":{"start":{"line":103,"column":16},"end":{"line":103,"column":22},"skip":true},"29":{"start":{"line":106,"column":16},"end":{"line":106,"column":22},"skip":true},"30":{"start":{"line":108,"column":12},"end":{"line":120,"column":13},"skip":true},"31":{"start":{"line":114,"column":16},"end":{"line":119,"column":17},"skip":true},"32":{"start":{"line":116,"column":20},"end":{"line":116,"column":78},"skip":true},"33":{"start":{"line":118,"column":20},"end":{"line":118,"column":47},"skip":true},"34":{"start":{"line":123,"column":8},"end":{"line":141,"column":11},"skip":true},"35":{"start":{"line":124,"column":12},"end":{"line":124,"column":54},"skip":true},"36":{"start":{"line":125,"column":12},"end":{"line":140,"column":14},"skip":true},"37":{"start":{"line":126,"column":16},"end":{"line":126,"column":28},"skip":true},"38":{"start":{"line":127,"column":16},"end":{"line":127,"column":69},"skip":true},"39":{"start":{"line":128,"column":16},"end":{"line":128,"column":75},"skip":true},"40":{"start":{"line":129,"column":16},"end":{"line":131,"column":17},"skip":true},"41":{"start":{"line":130,"column":20},"end":{"line":130,"column":27},"skip":true},"42":{"start":{"line":133,"column":16},"end":{"line":137,"column":36},"skip":true},"43":{"start":{"line":134,"column":20},"end":{"line":136,"column":55},"skip":true},"44":{"start":{"line":139,"column":16},"end":{"line":139,"column":57},"skip":true},"45":{"start":{"line":143,"column":8},"end":{"line":147,"column":11},"skip":true},"46":{"start":{"line":144,"column":12},"end":{"line":146,"column":15},"skip":true},"47":{"start":{"line":145,"column":16},"end":{"line":145,"column":70},"skip":true},"48":{"start":{"line":149,"column":8},"end":{"line":149,"column":31},"skip":true},"49":{"start":{"line":150,"column":8},"end":{"line":150,"column":14},"skip":true},"50":{"start":{"line":158,"column":8},"end":{"line":158,"column":31},"skip":true},"51":{"start":{"line":160,"column":8},"end":{"line":160,"column":33},"skip":true},"52":{"start":{"line":161,"column":8},"end":{"line":161,"column":37},"skip":true},"53":{"start":{"line":162,"column":8},"end":{"line":162,"column":35},"skip":true},"54":{"start":{"line":164,"column":8},"end":{"line":164,"column":50},"skip":true},"55":{"start":{"line":166,"column":8},"end":{"line":256,"column":2},"skip":true},"56":{"start":{"line":258,"column":8},"end":{"line":286,"column":9},"skip":true},"57":{"start":{"line":259,"column":12},"end":{"line":269,"column":14},"skip":true},"58":{"start":{"line":271,"column":12},"end":{"line":285,"column":19},"skip":true},"59":{"start":{"line":274,"column":20},"end":{"line":274,"column":35},"skip":true},"60":{"start":{"line":275,"column":20},"end":{"line":284,"column":21},"skip":true},"61":{"start":{"line":277,"column":24},"end":{"line":277,"column":64},"skip":true},"62":{"start":{"line":279,"column":24},"end":{"line":279,"column":40},"skip":true},"63":{"start":{"line":281,"column":24},"end":{"line":281,"column":40},"skip":true},"64":{"start":{"line":283,"column":24},"end":{"line":283,"column":39},"skip":true},"65":{"start":{"line":288,"column":8},"end":{"line":290,"column":9},"skip":true},"66":{"start":{"line":289,"column":12},"end":{"line":289,"column":18},"skip":true},"67":{"start":{"line":291,"column":8},"end":{"line":293,"column":54},"skip":true},"68":{"start":{"line":294,"column":8},"end":{"line":301,"column":37},"skip":true},"69":{"start":{"line":302,"column":8},"end":{"line":302,"column":82},"skip":true},"70":{"start":{"line":305,"column":8},"end":{"line":307,"column":9},"skip":true},"71":{"start":{"line":306,"column":12},"end":{"line":306,"column":82},"skip":true},"72":{"start":{"line":309,"column":8},"end":{"line":311,"column":9},"skip":true},"73":{"start":{"line":310,"column":12},"end":{"line":310,"column":18},"skip":true},"74":{"start":{"line":312,"column":8},"end":{"line":312,"column":54},"skip":true},"75":{"start":{"line":313,"column":8},"end":{"line":313,"column":69},"skip":true},"76":{"start":{"line":314,"column":8},"end":{"line":322,"column":36},"skip":true},"77":{"start":{"line":315,"column":12},"end":{"line":315,"column":61},"skip":true},"78":{"start":{"line":316,"column":12},"end":{"line":319,"column":13},"skip":true},"79":{"start":{"line":317,"column":16},"end":{"line":317,"column":75},"skip":true},"80":{"start":{"line":318,"column":16},"end":{"line":318,"column":23},"skip":true},"81":{"start":{"line":320,"column":12},"end":{"line":320,"column":38},"skip":true},"82":{"start":{"line":321,"column":12},"end":{"line":321,"column":27},"skip":true},"83":{"start":{"line":323,"column":8},"end":{"line":323,"column":14},"skip":true}},"branchMap":{"1":{"line":39,"type":"binary-expr","locations":[{"start":{"line":39,"column":23},"end":{"line":39,"column":62}},{"start":{"line":40,"column":20},"end":{"line":40,"column":70}},{"start":{"line":41,"column":20},"end":{"line":41,"column":71}},{"start":{"line":42,"column":20},"end":{"line":42,"column":29}}]},"2":{"line":44,"type":"binary-expr","locations":[{"start":{"line":44,"column":23},"end":{"line":44,"column":37}},{"start":{"line":45,"column":20},"end":{"line":45,"column":61}},{"start":{"line":46,"column":20},"end":{"line":46,"column":70}},{"start":{"line":47,"column":20},"end":{"line":47,"column":26}}]},"3":{"line":51,"type":"cond-expr","locations":[{"start":{"line":52,"column":14},"end":{"line":52,"column":20}},{"start":{"line":53,"column":14},"end":{"line":53,"column":20}}]},"4":{"line":55,"type":"binary-expr","locations":[{"start":{"line":55,"column":16},"end":{"line":55,"column":44}},{"start":{"line":55,"column":49},"end":{"line":57,"column":43}}]},"5":{"line":55,"type":"cond-expr","locations":[{"start":{"line":56,"column":14},"end":{"line":56,"column":49}},{"start":{"line":57,"column":14},"end":{"line":57,"column":43}}]},"6":{"line":61,"type":"switch","locations":[{"start":{"line":68,"column":4},"end":{"line":150,"column":14},"skip":true},{"start":{"line":156,"column":4},"end":{"line":323,"column":14},"skip":true}]},"7":{"line":70,"type":"if","locations":[{"start":{"line":70,"column":12},"end":{"line":70,"column":12},"skip":true},{"start":{"line":70,"column":12},"end":{"line":70,"column":12},"skip":true}]},"8":{"line":70,"type":"binary-expr","locations":[{"start":{"line":70,"column":16},"end":{"line":70,"column":22},"skip":true},{"start":{"line":70,"column":27},"end":{"line":70,"column":32},"skip":true},{"start":{"line":71,"column":20},"end":{"line":71,"column":39},"skip":true},{"start":{"line":72,"column":20},"end":{"line":72,"column":49},"skip":true},{"start":{"line":73,"column":20},"end":{"line":73,"column":58},"skip":true},{"start":{"line":74,"column":20},"end":{"line":74,"column":69},"skip":true}]},"9":{"line":79,"type":"switch","locations":[{"start":{"line":80,"column":20},"end":{"line":80,"column":33},"skip":true},{"start":{"line":81,"column":20},"end":{"line":83,"column":30},"skip":true},{"start":{"line":84,"column":20},"end":{"line":85,"column":49},"skip":true}]},"10":{"line":89,"type":"switch","locations":[{"start":{"line":90,"column":12},"end":{"line":103,"column":22},"skip":true},{"start":{"line":105,"column":12},"end":{"line":106,"column":22},"skip":true}]},"11":{"line":89,"type":"binary-expr","locations":[{"start":{"line":89,"column":20},"end":{"line":89,"column":25},"skip":true},{"start":{"line":89,"column":29},"end":{"line":89,"column":48},"skip":true},{"start":{"line":89,"column":52},"end":{"line":89,"column":74},"skip":true}]},"12":{"line":92,"type":"if","locations":[{"start":{"line":92,"column":16},"end":{"line":92,"column":16},"skip":true},{"start":{"line":92,"column":16},"end":{"line":92,"column":16},"skip":true}]},"13":{"line":108,"type":"if","locations":[{"start":{"line":108,"column":12},"end":{"line":108,"column":12},"skip":true},{"start":{"line":108,"column":12},"end":{"line":108,"column":12},"skip":true}]},"14":{"line":108,"type":"binary-expr","locations":[{"start":{"line":108,"column":16},"end":{"line":108,"column":61},"skip":true},{"start":{"line":108,"column":66},"end":{"line":108,"column":72},"skip":true},{"start":{"line":108,"column":77},"end":{"line":108,"column":82},"skip":true},{"start":{"line":109,"column":20},"end":{"line":109,"column":39},"skip":true},{"start":{"line":110,"column":20},"end":{"line":110,"column":49},"skip":true},{"start":{"line":111,"column":20},"end":{"line":111,"column":58},"skip":true},{"start":{"line":112,"column":20},"end":{"line":112,"column":68},"skip":true}]},"15":{"line":129,"type":"if","locations":[{"start":{"line":129,"column":16},"end":{"line":129,"column":16},"skip":true},{"start":{"line":129,"column":16},"end":{"line":129,"column":16},"skip":true}]},"16":{"line":134,"type":"cond-expr","locations":[{"start":{"line":135,"column":26},"end":{"line":135,"column":29},"skip":true},{"start":{"line":136,"column":26},"end":{"line":136,"column":54},"skip":true}]},"17":{"line":164,"type":"binary-expr","locations":[{"start":{"line":164,"column":27},"end":{"line":164,"column":43},"skip":true},{"start":{"line":164,"column":47},"end":{"line":164,"column":49},"skip":true}]},"18":{"line":258,"type":"if","locations":[{"start":{"line":258,"column":8},"end":{"line":258,"column":8},"skip":true},{"start":{"line":258,"column":8},"end":{"line":258,"column":8},"skip":true}]},"19":{"line":275,"type":"switch","locations":[{"start":{"line":276,"column":20},"end":{"line":277,"column":64},"skip":true},{"start":{"line":278,"column":20},"end":{"line":279,"column":40},"skip":true},{"start":{"line":280,"column":20},"end":{"line":281,"column":40},"skip":true},{"start":{"line":282,"column":20},"end":{"line":283,"column":39},"skip":true}]},"20":{"line":288,"type":"if","locations":[{"start":{"line":288,"column":8},"end":{"line":288,"column":8},"skip":true},{"start":{"line":288,"column":8},"end":{"line":288,"column":8},"skip":true}]},"21":{"line":288,"type":"binary-expr","locations":[{"start":{"line":288,"column":12},"end":{"line":288,"column":40},"skip":true},{"start":{"line":288,"column":44},"end":{"line":288,"column":67},"skip":true}]},"22":{"line":292,"type":"binary-expr","locations":[{"start":{"line":292,"column":12},"end":{"line":292,"column":50},"skip":true},{"start":{"line":293,"column":12},"end":{"line":293,"column":53},"skip":true}]},"23":{"line":295,"type":"binary-expr","locations":[{"start":{"line":295,"column":12},"end":{"line":295,"column":63},"skip":true},{"start":{"line":296,"column":12},"end":{"line":301,"column":36},"skip":true}]},"24":{"line":302,"type":"binary-expr","locations":[{"start":{"line":302,"column":43},"end":{"line":302,"column":75},"skip":true},{"start":{"line":302,"column":79},"end":{"line":302,"column":81},"skip":true}]},"25":{"line":305,"type":"if","locations":[{"start":{"line":305,"column":8},"end":{"line":305,"column":8},"skip":true},{"start":{"line":305,"column":8},"end":{"line":305,"column":8},"skip":true}]},"26":{"line":309,"type":"if","locations":[{"start":{"line":309,"column":8},"end":{"line":309,"column":8},"skip":true},{"start":{"line":309,"column":8},"end":{"line":309,"column":8},"skip":true}]},"27":{"line":312,"type":"binary-expr","locations":[{"start":{"line":312,"column":27},"end":{"line":312,"column":43},"skip":true},{"start":{"line":312,"column":47},"end":{"line":312,"column":53},"skip":true}]},"28":{"line":316,"type":"if","locations":[{"start":{"line":316,"column":12},"end":{"line":316,"column":12},"skip":true},{"start":{"line":316,"column":12},"end":{"line":316,"column":12},"skip":true}]}},"code":["/*","example.js","","quickstart example","","instruction","    1. save this script as example.js","    2. run the shell command:","        $ npm install npmtest-nodal && PORT=8081 node example.js","    3. play with the browser-demo on http://127.0.0.1:8081","*/","","","","/* istanbul instrument in package npmtest_nodal */","/*jslint","    bitwise: true,","    browser: true,","    maxerr: 8,","    maxlen: 96,","    node: true,","    nomen: true,","    regexp: true,","    stupid: true","*/","(function () {","    'use strict';","    var local;","","","","    // run shared js-env code - pre-init","    (function () {","        // init local","        local = {};","        // init modeJs","        local.modeJs = (function () {","            try {","                return typeof navigator.userAgent === 'string' &&","                    typeof document.querySelector('body') === 'object' &&","                    typeof XMLHttpRequest.prototype.open === 'function' &&","                    'browser';","            } catch (errorCaughtBrowser) {","                return module.exports &&","                    typeof process.versions.node === 'string' &&","                    typeof require('http').createServer === 'function' &&","                    'node';","            }","        }());","        // init global","        local.global = local.modeJs === 'browser'","            ? window","            : global;","        // init utility2_rollup","        local = local.global.utility2_rollup || (local.modeJs === 'browser'","            ? local.global.utility2_npmtest_nodal","            : global.utility2_moduleExports);","        // export local","        local.global.local = local;","    }());","    switch (local.modeJs) {","","","","    // post-init","    // run browser js-env code - post-init","    /* istanbul ignore next */","    case 'browser':","        local.testRunBrowser = function (event) {","            if (!event || (event &&","                    event.currentTarget &&","                    event.currentTarget.className &&","                    event.currentTarget.className.includes &&","                    event.currentTarget.className.includes('onreset'))) {","                // reset output","                Array.from(","                    document.querySelectorAll('body > .resettable')","                ).forEach(function (element) {","                    switch (element.tagName) {","                    case 'INPUT':","                    case 'TEXTAREA':","                        element.value = '';","                        break;","                    default:","                        element.textContent = '';","                    }","                });","            }","            switch (event && event.currentTarget && event.currentTarget.id) {","            case 'testRunButton1':","                // show tests","                if (document.querySelector('#testReportDiv1').style.display === 'none') {","                    document.querySelector('#testReportDiv1').style.display = 'block';","                    document.querySelector('#testRunButton1').textContent =","                        'hide internal test';","                    local.modeTest = true;","                    local.testRunDefault(local);","                // hide tests","                } else {","                    document.querySelector('#testReportDiv1').style.display = 'none';","                    document.querySelector('#testRunButton1').textContent = 'run internal test';","                }","                break;","            // custom-case","            default:","                break;","            }","            if (document.querySelector('#inputTextareaEval1') && (!event || (event &&","                    event.currentTarget &&","                    event.currentTarget.className &&","                    event.currentTarget.className.includes &&","                    event.currentTarget.className.includes('oneval')))) {","                // try to eval input-code","                try {","                    /*jslint evil: true*/","                    eval(document.querySelector('#inputTextareaEval1').value);","                } catch (errorCaught) {","                    console.error(errorCaught);","                }","            }","        };","        // log stderr and stdout to #outputTextareaStdout1","        ['error', 'log'].forEach(function (key) {","            console[key + '_original'] = console[key];","            console[key] = function () {","                var element;","                console[key + '_original'].apply(console, arguments);","                element = document.querySelector('#outputTextareaStdout1');","                if (!element) {","                    return;","                }","                // append text to #outputTextareaStdout1","                element.value += Array.from(arguments).map(function (arg) {","                    return typeof arg === 'string'","                        ? arg","                        : JSON.stringify(arg, null, 4);","                }).join(' ') + '\\n';","                // scroll textarea to bottom","                element.scrollTop = element.scrollHeight;","            };","        });","        // init event-handling","        ['change', 'click', 'keyup'].forEach(function (event) {","            Array.from(document.querySelectorAll('.on' + event)).forEach(function (element) {","                element.addEventListener(event, local.testRunBrowser);","            });","        });","        // run tests","        local.testRunBrowser();","        break;","","","","    // run node js-env code - post-init","    /* istanbul ignore next */","    case 'node':","        // export local","        module.exports = local;","        // require modules","        local.fs = require('fs');","        local.http = require('http');","        local.url = require('url');","        // init assets","        local.assetsDict = local.assetsDict || {};","        /* jslint-ignore-begin */","        local.assetsDict['/assets.index.template.html'] = '\\","<!doctype html>\\n\\","<html lang=\"en\">\\n\\","<head>\\n\\","<meta charset=\"UTF-8\">\\n\\","<meta name=\"viewport\" content=\"width=device-width, initial-scale=1\">\\n\\","<title>{{env.npm_package_name}} (v{{env.npm_package_version}})</title>\\n\\","<style>\\n\\","/*csslint\\n\\","    box-sizing: false,\\n\\","    universal-selector: false\\n\\","*/\\n\\","* {\\n\\","    box-sizing: border-box;\\n\\","}\\n\\","body {\\n\\","    background: #dde;\\n\\","    font-family: Arial, Helvetica, sans-serif;\\n\\","    margin: 2rem;\\n\\","}\\n\\","body > * {\\n\\","    margin-bottom: 1rem;\\n\\","}\\n\\",".utility2FooterDiv {\\n\\","    margin-top: 20px;\\n\\","    text-align: center;\\n\\","}\\n\\","</style>\\n\\","<style>\\n\\","/*csslint\\n\\","*/\\n\\","textarea {\\n\\","    font-family: monospace;\\n\\","    height: 10rem;\\n\\","    width: 100%;\\n\\","}\\n\\","textarea[readonly] {\\n\\","    background: #ddd;\\n\\","}\\n\\","</style>\\n\\","</head>\\n\\","<body>\\n\\","<!-- utility2-comment\\n\\","<div id=\"ajaxProgressDiv1\" style=\"background: #d00; height: 2px; left: 0; margin: 0; padding: 0; position: fixed; top: 0; transition: background 0.5s, width 1.5s; width: 25%;\"></div>\\n\\","utility2-comment -->\\n\\","<h1>\\n\\","<!-- utility2-comment\\n\\","    <a\\n\\","        {{#if env.npm_package_homepage}}\\n\\","        href=\"{{env.npm_package_homepage}}\"\\n\\","        {{/if env.npm_package_homepage}}\\n\\","        target=\"_blank\"\\n\\","    >\\n\\","utility2-comment -->\\n\\","        {{env.npm_package_name}} (v{{env.npm_package_version}})\\n\\","<!-- utility2-comment\\n\\","    </a>\\n\\","utility2-comment -->\\n\\","</h1>\\n\\","<h3>{{env.npm_package_description}}</h3>\\n\\","<!-- utility2-comment\\n\\","<h4><a download href=\"assets.app.js\">download standalone app</a></h4>\\n\\","<button class=\"onclick onreset\" id=\"testRunButton1\">run internal test</button><br>\\n\\","<div id=\"testReportDiv1\" style=\"display: none;\"></div>\\n\\","utility2-comment -->\\n\\","\\n\\","\\n\\","\\n\\","<label>stderr and stdout</label>\\n\\","<textarea class=\"resettable\" id=\"outputTextareaStdout1\" readonly></textarea>\\n\\","<!-- utility2-comment\\n\\","{{#if isRollup}}\\n\\","<script src=\"assets.app.js\"></script>\\n\\","{{#unless isRollup}}\\n\\","utility2-comment -->\\n\\","<script src=\"assets.utility2.rollup.js\"></script>\\n\\","<script src=\"jsonp.utility2._stateInit?callback=window.utility2._stateInit\"></script>\\n\\","<script src=\"assets.npmtest_nodal.rollup.js\"></script>\\n\\","<script src=\"assets.example.js\"></script>\\n\\","<script src=\"assets.test.js\"></script>\\n\\","<!-- utility2-comment\\n\\","{{/if isRollup}}\\n\\","utility2-comment -->\\n\\","<div class=\"utility2FooterDiv\">\\n\\","    [ this app was created with\\n\\","    <a href=\"https://github.com/kaizhu256/node-utility2\" target=\"_blank\">utility2</a>\\n\\","    ]\\n\\","</div>\\n\\","</body>\\n\\","</html>\\n\\","';","        /* jslint-ignore-end */","        if (local.templateRender) {","            local.assetsDict['/'] = local.templateRender(","                local.assetsDict['/assets.index.template.html'],","                {","                    env: local.objectSetDefault(local.env, {","                        npm_package_description: 'the greatest app in the world!',","                        npm_package_name: 'my-app',","                        npm_package_nameAlias: 'my_app',","                        npm_package_version: '0.0.1'","                    })","                }","            );","        } else {","            local.assetsDict['/'] = local.assetsDict['/assets.index.template.html']","                .replace((/\\{\\{env\\.(\\w+?)\\}\\}/g), function (match0, match1) {","                    // jslint-hack","                    String(match0);","                    switch (match1) {","                    case 'npm_package_description':","                        return 'the greatest app in the world!';","                    case 'npm_package_name':","                        return 'my-app';","                    case 'npm_package_nameAlias':","                        return 'my_app';","                    case 'npm_package_version':","                        return '0.0.1';","                    }","                });","        }","        // run the cli","        if (local.global.utility2_rollup || module !== require.main) {","            break;","        }","        local.assetsDict['/assets.example.js'] =","            local.assetsDict['/assets.example.js'] ||","            local.fs.readFileSync(__filename, 'utf8');","        local.assetsDict['/assets.npmtest_nodal.rollup.js'] =","            local.assetsDict['/assets.npmtest_nodal.rollup.js'] ||","            local.fs.readFileSync(","                // buildCustomOrg-hack","                local.npmtest_nodal.__dirname +","                    '/lib.npmtest_nodal.js',","                'utf8'","            ).replace((/^#!/), '//');","        local.assetsDict['/favicon.ico'] = local.assetsDict['/favicon.ico'] || '';","        // if $npm_config_timeout_exit exists,","        // then exit this process after $npm_config_timeout_exit ms","        if (Number(process.env.npm_config_timeout_exit)) {","            setTimeout(process.exit, Number(process.env.npm_config_timeout_exit));","        }","        // start server","        if (local.global.utility2_serverHttp1) {","            break;","        }","        process.env.PORT = process.env.PORT || '8081';","        console.error('server starting on port ' + process.env.PORT);","        local.http.createServer(function (request, response) {","            request.urlParsed = local.url.parse(request.url);","            if (local.assetsDict[request.urlParsed.pathname] !== undefined) {","                response.end(local.assetsDict[request.urlParsed.pathname]);","                return;","            }","            response.statusCode = 404;","            response.end();","        }).listen(process.env.PORT);","        break;","    }","}());",""],"l":{"26":2,"28":2,"33":2,"35":2,"37":2,"38":2,"39":2,"44":1,"51":2,"55":2,"59":2,"61":2,"69":1,"70":2,"76":2,"79":2,"82":2,"83":2,"85":1,"89":2,"92":1,"93":1,"94":1,"96":1,"97":1,"100":1,"101":1,"103":1,"106":1,"108":2,"114":1,"116":1,"118":1,"123":1,"124":2,"125":2,"126":2,"127":2,"128":2,"129":2,"130":1,"133":2,"134":2,"139":2,"143":1,"144":3,"145":1,"149":1,"150":1,"158":1,"160":1,"161":1,"162":1,"164":1,"166":1,"258":1,"259":1,"271":1,"274":6,"275":6,"277":1,"279":2,"281":1,"283":2,"288":1,"289":1,"291":1,"294":1,"302":1,"305":1,"306":1,"309":1,"310":1,"312":1,"313":1,"314":1,"315":1,"316":1,"317":1,"318":1,"320":1,"321":1,"323":1}},"/home/travis/build/npmtest/node-npmtest-nodal/node_modules/nodal/core/module.js":{"path":"/home/travis/build/npmtest/node-npmtest-nodal/node_modules/nodal/core/module.js","s":{"1":1,"2":1,"3":1,"4":0,"5":1,"6":0,"7":1,"8":1,"9":2,"10":1,"11":2,"12":0,"13":2,"14":2,"15":2,"16":4,"17":4,"18":2,"19":2,"20":2,"21":2,"22":2,"23":2,"24":2,"25":2,"26":2,"27":2,"28":2,"29":1,"30":6,"31":4,"32":4,"33":1,"34":16,"35":14,"36":1},"b":{"1":[0,0],"2":[0,0],"3":[2,1],"4":[0,0],"5":[2,1],"6":[2,1],"7":[2,1],"8":[4,1],"9":[4,1],"10":[2,1],"11":[2,1],"12":[2,1],"13":[2,1],"14":[2,1],"15":[2,1],"16":[2,1],"17":[2,1],"18":[2,1],"19":[2,1],"20":[2,1],"21":[6,6],"22":[4,1],"23":[4,4],"24":[16,1],"25":[14,1]},"f":{"1":0,"2":0,"3":2,"4":2,"5":0,"6":2,"7":2,"8":2,"9":4,"10":4,"11":2,"12":2,"13":2,"14":2,"15":2,"16":2,"17":2,"18":2,"19":2,"20":2,"21":2,"22":6,"23":4,"24":4,"25":16,"26":14},"fnMap":{"1":{"name":"(anonymous_1)","line":7,"loc":{"start":{"line":7,"column":24},"end":{"line":7,"column":38}}},"2":{"name":"(anonymous_2)","line":10,"loc":{"start":{"line":10,"column":26},"end":{"line":10,"column":40}}},"3":{"name":"(anonymous_3)","line":49,"loc":{"start":{"line":49,"column":11},"end":{"line":49,"column":30}}},"4":{"name":"(anonymous_4)","line":61,"loc":{"start":{"line":61,"column":9},"end":{"line":61,"column":20}}},"5":{"name":"(anonymous_5)","line":67,"loc":{"start":{"line":67,"column":9},"end":{"line":67,"column":20}}},"6":{"name":"(anonymous_6)","line":72,"loc":{"start":{"line":72,"column":9},"end":{"line":72,"column":20}}},"7":{"name":"(anonymous_7)","line":78,"loc":{"start":{"line":78,"column":9},"end":{"line":78,"column":20}}},"8":{"name":"(anonymous_8)","line":84,"loc":{"start":{"line":84,"column":9},"end":{"line":84,"column":20}}},"9":{"name":"(anonymous_9)","line":90,"loc":{"start":{"line":90,"column":9},"end":{"line":90,"column":20}}},"10":{"name":"(anonymous_10)","line":96,"loc":{"start":{"line":96,"column":9},"end":{"line":96,"column":20}}},"11":{"name":"(anonymous_11)","line":102,"loc":{"start":{"line":102,"column":9},"end":{"line":102,"column":20}}},"12":{"name":"(anonymous_12)","line":108,"loc":{"start":{"line":108,"column":9},"end":{"line":108,"column":20}}},"13":{"name":"(anonymous_13)","line":114,"loc":{"start":{"line":114,"column":9},"end":{"line":114,"column":20}}},"14":{"name":"(anonymous_14)","line":120,"loc":{"start":{"line":120,"column":9},"end":{"line":120,"column":20}}},"15":{"name":"(anonymous_15)","line":126,"loc":{"start":{"line":126,"column":9},"end":{"line":126,"column":20}}},"16":{"name":"(anonymous_16)","line":132,"loc":{"start":{"line":132,"column":9},"end":{"line":132,"column":20}}},"17":{"name":"(anonymous_17)","line":138,"loc":{"start":{"line":138,"column":9},"end":{"line":138,"column":20}}},"18":{"name":"(anonymous_18)","line":144,"loc":{"start":{"line":144,"column":9},"end":{"line":144,"column":20}}},"19":{"name":"(anonymous_19)","line":150,"loc":{"start":{"line":150,"column":9},"end":{"line":150,"column":20}}},"20":{"name":"(anonymous_20)","line":156,"loc":{"start":{"line":156,"column":9},"end":{"line":156,"column":20}}},"21":{"name":"(anonymous_21)","line":162,"loc":{"start":{"line":162,"column":9},"end":{"line":162,"column":20}}},"22":{"name":"(anonymous_22)","line":171,"loc":{"start":{"line":171,"column":9},"end":{"line":171,"column":20}}},"23":{"name":"(anonymous_23)","line":177,"loc":{"start":{"line":177,"column":9},"end":{"line":177,"column":20}}},"24":{"name":"(anonymous_24)","line":183,"loc":{"start":{"line":183,"column":9},"end":{"line":183,"column":20}}},"25":{"name":"(anonymous_25)","line":192,"loc":{"start":{"line":192,"column":9},"end":{"line":192,"column":20}}},"26":{"name":"(anonymous_26)","line":198,"loc":{"start":{"line":198,"column":9},"end":{"line":198,"column":20}}}},"statementMap":{"1":{"start":{"line":4,"column":0},"end":{"line":4,"column":28}},"2":{"start":{"line":6,"column":0},"end":{"line":6,"column":32}},"3":{"start":{"line":7,"column":0},"end":{"line":9,"column":3}},"4":{"start":{"line":8,"column":2},"end":{"line":8,"column":45}},"5":{"start":{"line":10,"column":0},"end":{"line":12,"column":3}},"6":{"start":{"line":11,"column":2},"end":{"line":11,"column":47}},"7":{"start":{"line":14,"column":0},"end":{"line":42,"column":2}},"8":{"start":{"line":46,"column":0},"end":{"line":57,"column":2}},"9":{"start":{"line":50,"column":4},"end":{"line":50,"column":51}},"10":{"start":{"line":59,"column":0},"end":{"line":167,"column":3}},"11":{"start":{"line":62,"column":6},"end":{"line":62,"column":69}},"12":{"start":{"line":68,"column":6},"end":{"line":68,"column":75}},"13":{"start":{"line":73,"column":6},"end":{"line":73,"column":93}},"14":{"start":{"line":79,"column":6},"end":{"line":79,"column":90}},"15":{"start":{"line":85,"column":6},"end":{"line":85,"column":65}},"16":{"start":{"line":91,"column":6},"end":{"line":91,"column":78}},"17":{"start":{"line":97,"column":6},"end":{"line":97,"column":87}},"18":{"start":{"line":103,"column":6},"end":{"line":103,"column":91}},"19":{"start":{"line":109,"column":6},"end":{"line":109,"column":88}},"20":{"start":{"line":115,"column":6},"end":{"line":115,"column":90}},"21":{"start":{"line":121,"column":6},"end":{"line":121,"column":72}},"22":{"start":{"line":127,"column":6},"end":{"line":127,"column":75}},"23":{"start":{"line":133,"column":6},"end":{"line":133,"column":91}},"24":{"start":{"line":139,"column":6},"end":{"line":139,"column":97}},"25":{"start":{"line":145,"column":6},"end":{"line":145,"column":112}},"26":{"start":{"line":151,"column":6},"end":{"line":151,"column":78}},"27":{"start":{"line":157,"column":6},"end":{"line":157,"column":87}},"28":{"start":{"line":163,"column":6},"end":{"line":163,"column":109}},"29":{"start":{"line":169,"column":0},"end":{"line":188,"column":3}},"30":{"start":{"line":172,"column":6},"end":{"line":172,"column":78}},"31":{"start":{"line":178,"column":6},"end":{"line":178,"column":78}},"32":{"start":{"line":184,"column":6},"end":{"line":184,"column":96}},"33":{"start":{"line":190,"column":0},"end":{"line":203,"column":3}},"34":{"start":{"line":193,"column":6},"end":{"line":193,"column":81}},"35":{"start":{"line":199,"column":6},"end":{"line":199,"column":100}},"36":{"start":{"line":205,"column":0},"end":{"line":205,"column":27}}},"branchMap":{"1":{"line":8,"type":"cond-expr","locations":[{"start":{"line":8,"column":24},"end":{"line":8,"column":28}},{"start":{"line":8,"column":31},"end":{"line":8,"column":44}}]},"2":{"line":11,"type":"cond-expr","locations":[{"start":{"line":11,"column":24},"end":{"line":11,"column":28}},{"start":{"line":11,"column":31},"end":{"line":11,"column":46}}]},"3":{"line":62,"type":"binary-expr","locations":[{"start":{"line":62,"column":13},"end":{"line":62,"column":22}},{"start":{"line":62,"column":27},"end":{"line":62,"column":67}}]},"4":{"line":68,"type":"binary-expr","locations":[{"start":{"line":68,"column":13},"end":{"line":68,"column":30}},{"start":{"line":68,"column":35},"end":{"line":68,"column":73}}]},"5":{"line":73,"type":"binary-expr","locations":[{"start":{"line":73,"column":13},"end":{"line":73,"column":30}},{"start":{"line":73,"column":35},"end":{"line":73,"column":91}}]},"6":{"line":79,"type":"binary-expr","locations":[{"start":{"line":79,"column":13},"end":{"line":79,"column":29}},{"start":{"line":79,"column":34},"end":{"line":79,"column":88}}]},"7":{"line":85,"type":"binary-expr","locations":[{"start":{"line":85,"column":13},"end":{"line":85,"column":22}},{"start":{"line":85,"column":27},"end":{"line":85,"column":63}}]},"8":{"line":91,"type":"binary-expr","locations":[{"start":{"line":91,"column":13},"end":{"line":91,"column":25}},{"start":{"line":91,"column":30},"end":{"line":91,"column":76}}]},"9":{"line":97,"type":"binary-expr","locations":[{"start":{"line":97,"column":13},"end":{"line":97,"column":27}},{"start":{"line":97,"column":32},"end":{"line":97,"column":85}}]},"10":{"line":103,"type":"binary-expr","locations":[{"start":{"line":103,"column":13},"end":{"line":103,"column":29}},{"start":{"line":103,"column":34},"end":{"line":103,"column":89}}]},"11":{"line":109,"type":"binary-expr","locations":[{"start":{"line":109,"column":13},"end":{"line":109,"column":28}},{"start":{"line":109,"column":33},"end":{"line":109,"column":86}}]},"12":{"line":115,"type":"binary-expr","locations":[{"start":{"line":115,"column":13},"end":{"line":115,"column":28}},{"start":{"line":115,"column":33},"end":{"line":115,"column":88}}]},"13":{"line":121,"type":"binary-expr","locations":[{"start":{"line":121,"column":13},"end":{"line":121,"column":23}},{"start":{"line":121,"column":28},"end":{"line":121,"column":70}}]},"14":{"line":127,"type":"binary-expr","locations":[{"start":{"line":127,"column":13},"end":{"line":127,"column":24}},{"start":{"line":127,"column":29},"end":{"line":127,"column":73}}]},"15":{"line":133,"type":"binary-expr","locations":[{"start":{"line":133,"column":13},"end":{"line":133,"column":29}},{"start":{"line":133,"column":34},"end":{"line":133,"column":89}}]},"16":{"line":139,"type":"binary-expr","locations":[{"start":{"line":139,"column":13},"end":{"line":139,"column":31}},{"start":{"line":139,"column":36},"end":{"line":139,"column":95}}]},"17":{"line":145,"type":"binary-expr","locations":[{"start":{"line":145,"column":13},"end":{"line":145,"column":36}},{"start":{"line":145,"column":41},"end":{"line":145,"column":110}}]},"18":{"line":151,"type":"binary-expr","locations":[{"start":{"line":151,"column":13},"end":{"line":151,"column":25}},{"start":{"line":151,"column":30},"end":{"line":151,"column":76}}]},"19":{"line":157,"type":"binary-expr","locations":[{"start":{"line":157,"column":13},"end":{"line":157,"column":28}},{"start":{"line":157,"column":33},"end":{"line":157,"column":85}}]},"20":{"line":163,"type":"binary-expr","locations":[{"start":{"line":163,"column":13},"end":{"line":163,"column":34}},{"start":{"line":163,"column":39},"end":{"line":163,"column":107}}]},"21":{"line":172,"type":"binary-expr","locations":[{"start":{"line":172,"column":13},"end":{"line":172,"column":28}},{"start":{"line":172,"column":33},"end":{"line":172,"column":76}}]},"22":{"line":178,"type":"binary-expr","locations":[{"start":{"line":178,"column":13},"end":{"line":178,"column":28}},{"start":{"line":178,"column":33},"end":{"line":178,"column":76}}]},"23":{"line":184,"type":"binary-expr","locations":[{"start":{"line":184,"column":13},"end":{"line":184,"column":34}},{"start":{"line":184,"column":39},"end":{"line":184,"column":94}}]},"24":{"line":193,"type":"binary-expr","locations":[{"start":{"line":193,"column":13},"end":{"line":193,"column":29}},{"start":{"line":193,"column":34},"end":{"line":193,"column":79}}]},"25":{"line":199,"type":"binary-expr","locations":[{"start":{"line":199,"column":13},"end":{"line":199,"column":35}},{"start":{"line":199,"column":40},"end":{"line":199,"column":98}}]}},"code":["'use strict';","","// This will load dotenv / etc.","const fxn  = require('fxn');","","let types = require('pg').types;","types.setTypeParser(20, function(val) {","  return val === null ? null : parseInt(val);","}); // 64-bit integer","types.setTypeParser(1700, function(val) {","  return val === null ? null : parseFloat(val);","}); // type NUMERIC","","let Nodal = {","  API: null,","  APIResource: null,","  Application: null,","  Controller: null,","  CLI: null,","  Daemon: null,","  Database: null,","  GraphQuery: null,","  ItemArray: null,","  Migration: null,","  Mime: null,","  Model: null,","  ModelArray: null,","  ModelFactory: null,","  RelationshipGraph: null,","  Router: null,","  Scheduler: null,","  SchemaGenerator: null,","  my: {","    Config: null,","    Schema: null,","    bootstrapper: null","  },","  mocha: {","    Test: null,","    TestRunner: null","  }","};","","/* Lazy Loading */","","let LazyNodal = {","  my: {},","  mocha: {},","  require: function(filename) {","    return require(process.cwd() + '/' + filename);","  },","  include: {","    mime: require('mime-types'),","    inflect: require('i')()","  },","  env: require('./env.js')()","};","","Object.defineProperties(LazyNodal, {","  API: {","    get: function() {","      return Nodal.API || (Nodal.API = require('./required/api.js'));","    },","    enumerable: true","  },","  APIResource: {","    get: function() {","      return Nodal.APIResource || (Nodal.APIResource = require('api-res'));","    }","  },","  Application: {","    get: function() {","      return Nodal.Application || (Nodal.Application = require('./required/application.js'));","    },","    enumerable: true","  },","  Controller: {","    get: function() {","      return Nodal.Controller || (Nodal.Controller = require('./required/controller.js'));","    },","    enumerable: true","  },","  CLI: {","    get: function() {","      return Nodal.CLI || (Nodal.CLI = require('../cli/cli.js'));","    },","    enumerable: true","  },","  Daemon: {","    get: function() {","      return Nodal.Daemon || (Nodal.Daemon = require('./required/daemon.js'));","    },","    enumerable: true","  },","  Database: {","    get: function() {","      return Nodal.Database || (Nodal.Database = require('./required/db/database.js'));","    },","    enumerable: true","  },","  GraphQuery: {","    get: function() {","      return Nodal.GraphQuery || (Nodal.GraphQuery = require('./required/graph_query.js'));","    },","    enumerable: true","  },","  ItemArray: {","    get: function() {","      return Nodal.ItemArray || (Nodal.ItemArray = require('./required/item_array.js'));","    },","    enumerable: true","  },","  Migration: {","    get: function() {","      return Nodal.Migration || (Nodal.Migration = require('./required/db/migration.js'));","    },","    enumerable: true","  },","  Mime: {","    get: function() {","      return Nodal.Mime || (Nodal.Mime = require('./required/mime.js'));","    },","    enumerable: true","  },","  Model: {","    get: function() {","      return Nodal.Model || (Nodal.Model = require('./required/model.js'));","    },","    enumerable: true","  },","  ModelArray: {","    get: function() {","      return Nodal.ModelArray || (Nodal.ModelArray = require('./required/model_array.js'));","    },","    enumerable: true","  },","  ModelFactory: {","    get: function() {","      return Nodal.ModelFactory || (Nodal.ModelFactory = require('./required/model_factory.js'));","    },","    enumerable: true","  },","  RelationshipGraph: {","    get: function() {","      return Nodal.RelationshipGraph || (Nodal.RelationshipGraph = require('./required/relationship_graph.js'));","    },","    enumerable: true","  },","  Router: {","    get: function() {","      return Nodal.Router || (Nodal.Router = require('./required/router.js'));","    },","    enumerable: true","  },","  Scheduler: {","    get: function() {","      return Nodal.Scheduler || (Nodal.Scheduler = require('./required/scheduler.js'));","    },","    enumerable: true","  },","  SchemaGenerator: {","    get: function() {","      return Nodal.SchemaGenerator || (Nodal.SchemaGenerator = require('./required/db/schema_generator.js'));","    },","    enumerable: true","  }","});","","Object.defineProperties(LazyNodal.my, {","  Config: {","    get: function() {","      return Nodal.my.Config || (Nodal.my.Config = require('./my/config.js'));","    },","    enumerable: true","  },","  Schema: {","    get: function() {","      return Nodal.my.Schema || (Nodal.my.Schema = require('./my/schema.js'));","    },","    enumerable: true","  },","  bootstrapper: {","    get: function() {","      return Nodal.my.bootstrapper || (Nodal.my.bootstrapper = require('./my/bootstrapper.js'));","    },","    enumerable: true","  }","});","","Object.defineProperties(LazyNodal.mocha, {","  Test: {","    get: function() {","      return Nodal.mocha.Test || (Nodal.mocha.Test = require('./mocha/test.js'));","    },","    enumerable: true","  },","  TestRunner: {","    get: function() {","      return Nodal.mocha.TestRunner || (Nodal.mocha.TestRunner = require('./mocha/test_runner.js'));","    },","    enumerable: true","  }","});","","module.exports = LazyNodal;",""],"l":{"4":1,"6":1,"7":1,"8":0,"10":1,"11":0,"14":1,"46":1,"50":2,"59":1,"62":2,"68":0,"73":2,"79":2,"85":2,"91":4,"97":4,"103":2,"109":2,"115":2,"121":2,"127":2,"133":2,"139":2,"145":2,"151":2,"157":2,"163":2,"169":1,"172":6,"178":4,"184":4,"190":1,"193":16,"199":14,"205":1}},"/home/travis/build/npmtest/node-npmtest-nodal/node_modules/nodal/core/env.js":{"path":"/home/travis/build/npmtest/node-npmtest-nodal/node_modules/nodal/core/env.js","s":{"1":1,"2":12},"b":{"1":[12,0],"2":[12,12]},"f":{},"fnMap":{},"statementMap":{"1":{"start":{"line":1,"column":0},"end":{"line":8,"column":2}},"2":{"start":{"line":3,"column":2},"end":{"line":6,"column":4}}},"branchMap":{"1":{"line":4,"type":"binary-expr","locations":[{"start":{"line":4,"column":10},"end":{"line":4,"column":30}},{"start":{"line":4,"column":34},"end":{"line":4,"column":47}}]},"2":{"line":5,"type":"binary-expr","locations":[{"start":{"line":5,"column":19},"end":{"line":5,"column":45}},{"start":{"line":5,"column":49},"end":{"line":5,"column":62}}]}},"code":["module.exports = () => {","","  return {","    name: process.env.NODE_ENV || 'development',","    rootDirectory: process.env.ROOT_DIRECTORY || process.cwd()","  };","","};",""],"l":{"1":1,"3":12}},"/home/travis/build/npmtest/node-npmtest-nodal/node_modules/nodal/core/required/api.js":{"path":"/home/travis/build/npmtest/node-npmtest-nodal/node_modules/nodal/core/required/api.js","s":{"1":1,"2":1,"3":1,"4":0,"5":0,"6":0,"7":0,"8":0,"9":0,"10":0,"11":0,"12":0,"13":0,"14":0,"15":0,"16":0,"17":0,"18":0,"19":0,"20":0,"21":0,"22":0,"23":0,"24":0,"25":0,"26":0,"27":0,"28":1,"29":0,"30":0,"31":0,"32":0,"33":0,"34":0,"35":0,"36":0,"37":0,"38":1},"b":{"1":[0,0],"2":[0,0],"3":[0,0],"4":[0,0],"5":[0,0],"6":[0,0],"7":[0,0],"8":[0,0],"9":[0,0],"10":[0,0],"11":[0,0],"12":[0,0],"13":[0,0],"14":[0,0,0]},"f":{"1":0,"2":0,"3":0,"4":0,"5":0,"6":0,"7":0,"8":0,"9":0},"fnMap":{"1":{"name":"(anonymous_1)","line":9,"loc":{"start":{"line":9,"column":8},"end":{"line":9,"column":41}}},"2":{"name":"(anonymous_2)","line":30,"loc":{"start":{"line":30,"column":6},"end":{"line":30,"column":55}}},"3":{"name":"(anonymous_3)","line":53,"loc":{"start":{"line":53,"column":7},"end":{"line":53,"column":26}}},"4":{"name":"(anonymous_4)","line":62,"loc":{"start":{"line":62,"column":7},"end":{"line":62,"column":26}}},"5":{"name":"(anonymous_5)","line":82,"loc":{"start":{"line":82,"column":10},"end":{"line":82,"column":49}}},"6":{"name":"(anonymous_6)","line":98,"loc":{"start":{"line":98,"column":19},"end":{"line":98,"column":25}}},"7":{"name":"getType","line":100,"loc":{"start":{"line":100,"column":4},"end":{"line":100,"column":24}}},"8":{"name":"(anonymous_8)","line":113,"loc":{"start":{"line":113,"column":38},"end":{"line":113,"column":53}}},"9":{"name":"(anonymous_9)","line":131,"loc":{"start":{"line":131,"column":24},"end":{"line":131,"column":51}}}},"statementMap":{"1":{"start":{"line":3,"column":0},"end":{"line":3,"column":36}},"2":{"start":{"line":4,"column":0},"end":{"line":4,"column":45}},"3":{"start":{"line":5,"column":0},"end":{"line":5,"column":47}},"4":{"start":{"line":11,"column":4},"end":{"line":13,"column":5}},"5":{"start":{"line":12,"column":6},"end":{"line":12,"column":50}},"6":{"start":{"line":15,"column":4},"end":{"line":20,"column":5}},"7":{"start":{"line":16,"column":6},"end":{"line":16,"column":55}},"8":{"start":{"line":17,"column":6},"end":{"line":17,"column":48}},"9":{"start":{"line":18,"column":6},"end":{"line":18,"column":27}},"10":{"start":{"line":19,"column":6},"end":{"line":19,"column":23}},"11":{"start":{"line":22,"column":4},"end":{"line":24,"column":5}},"12":{"start":{"line":23,"column":6},"end":{"line":23,"column":29}},"13":{"start":{"line":26,"column":4},"end":{"line":26,"column":44}},"14":{"start":{"line":32,"column":4},"end":{"line":37,"column":5}},"15":{"start":{"line":33,"column":6},"end":{"line":33,"column":16}},"16":{"start":{"line":34,"column":6},"end":{"line":34,"column":16}},"17":{"start":{"line":35,"column":6},"end":{"line":35,"column":17}},"18":{"start":{"line":36,"column":6},"end":{"line":36,"column":22}},"19":{"start":{"line":39,"column":4},"end":{"line":44,"column":6}},"20":{"start":{"line":46,"column":4},"end":{"line":46,"column":40}},"21":{"start":{"line":47,"column":4},"end":{"line":47,"column":43}},"22":{"start":{"line":49,"column":4},"end":{"line":49,"column":16}},"23":{"start":{"line":55,"column":4},"end":{"line":58,"column":6}},"24":{"start":{"line":64,"column":4},"end":{"line":66,"column":5}},"25":{"start":{"line":65,"column":6},"end":{"line":65,"column":18}},"26":{"start":{"line":68,"column":4},"end":{"line":78,"column":5}},"27":{"start":{"line":84,"column":4},"end":{"line":94,"column":5}},"28":{"start":{"line":100,"column":4},"end":{"line":107,"column":5}},"29":{"start":{"line":101,"column":6},"end":{"line":101,"column":42}},"30":{"start":{"line":102,"column":6},"end":{"line":106,"column":69}},"31":{"start":{"line":109,"column":4},"end":{"line":109,"column":20}},"32":{"start":{"line":111,"column":4},"end":{"line":122,"column":5}},"33":{"start":{"line":112,"column":6},"end":{"line":112,"column":25}},"34":{"start":{"line":113,"column":6},"end":{"line":121,"column":9}},"35":{"start":{"line":115,"column":8},"end":{"line":119,"column":9}},"36":{"start":{"line":124,"column":4},"end":{"line":127,"column":5}},"37":{"start":{"line":133,"column":4},"end":{"line":133,"column":65}},"38":{"start":{"line":139,"column":0},"end":{"line":139,"column":38}}},"branchMap":{"1":{"line":11,"type":"if","locations":[{"start":{"line":11,"column":4},"end":{"line":11,"column":4}},{"start":{"line":11,"column":4},"end":{"line":11,"column":4}}]},"2":{"line":15,"type":"if","locations":[{"start":{"line":15,"column":4},"end":{"line":15,"column":4}},{"start":{"line":15,"column":4},"end":{"line":15,"column":4}}]},"3":{"line":22,"type":"if","locations":[{"start":{"line":22,"column":4},"end":{"line":22,"column":4}},{"start":{"line":22,"column":4},"end":{"line":22,"column":4}}]},"4":{"line":32,"type":"if","locations":[{"start":{"line":32,"column":4},"end":{"line":32,"column":4}},{"start":{"line":32,"column":4},"end":{"line":32,"column":4}}]},"5":{"line":46,"type":"binary-expr","locations":[{"start":{"line":46,"column":4},"end":{"line":46,"column":11}},{"start":{"line":46,"column":16},"end":{"line":46,"column":38}}]},"6":{"line":47,"type":"binary-expr","locations":[{"start":{"line":47,"column":4},"end":{"line":47,"column":12}},{"start":{"line":47,"column":17},"end":{"line":47,"column":41}}]},"7":{"line":64,"type":"if","locations":[{"start":{"line":64,"column":4},"end":{"line":64,"column":4}},{"start":{"line":64,"column":4},"end":{"line":64,"column":4}}]},"8":{"line":75,"type":"binary-expr","locations":[{"start":{"line":75,"column":8},"end":{"line":75,"column":19}},{"start":{"line":75,"column":23},"end":{"line":75,"column":50}}]},"9":{"line":91,"type":"binary-expr","locations":[{"start":{"line":91,"column":8},"end":{"line":91,"column":19}},{"start":{"line":91,"column":23},"end":{"line":91,"column":75}}]},"10":{"line":101,"type":"cond-expr","locations":[{"start":{"line":101,"column":33},"end":{"line":101,"column":37}},{"start":{"line":101,"column":40},"end":{"line":101,"column":41}}]},"11":{"line":102,"type":"binary-expr","locations":[{"start":{"line":102,"column":13},"end":{"line":106,"column":19}},{"start":{"line":106,"column":24},"end":{"line":106,"column":67}}]},"12":{"line":106,"type":"cond-expr","locations":[{"start":{"line":106,"column":46},"end":{"line":106,"column":56}},{"start":{"line":106,"column":59},"end":{"line":106,"column":67}}]},"13":{"line":111,"type":"if","locations":[{"start":{"line":111,"column":4},"end":{"line":111,"column":4}},{"start":{"line":111,"column":4},"end":{"line":111,"column":4}}]},"14":{"line":111,"type":"binary-expr","locations":[{"start":{"line":111,"column":8},"end":{"line":111,"column":18}},{"start":{"line":111,"column":22},"end":{"line":111,"column":28}},{"start":{"line":111,"column":32},"end":{"line":111,"column":58}}]}},"code":["'use strict';","","const Model = require('./model.js');","const ItemArray = require('./item_array.js');","const ModelArray = require('./model_array.js');","","class APIConstructor {","","  format(obj, arrInterface, useResource) {","","    if (obj instanceof Error) {","      return this.error(obj.message, obj.details);","    }","","    if (obj instanceof Model) {","      let modelArray = new ModelArray(obj.constructor);","      modelArray.setMeta({total: 1, offset: 0});","      modelArray.push(obj);","      obj = modelArray;","    }","","    if (!(obj instanceof ItemArray)) {","      return this.spoof(obj);","    }","","    return this.response(obj, arrInterface);","","  }","","  meta(total, count, offset, error, summary, resource) {","","    if (error) {","      total = 0;","      count = 0;","      offset = 0;","      resource = null;","    }","","    let meta = {","      total: total,","      count: count,","      offset: offset,","      error: error","    };","","    summary && (meta.summary = summary);","    resource && (meta.resource = resource);","","    return meta;","","  }","","  error(message, details) {","","    return {","      meta: this.meta(0, 0, 0, {message: message, details: details}),","      data: []","    };","","  }","","  spoof(obj, useResource) {","","    if (!(obj instanceof Array)) {","      obj = [obj];","    }","","    return {","      meta: this.meta(","        obj.length,","        obj.length,","        0,","        null,","        null,","        useResource && this.resourceFromArray(obj)","      ),","      data: obj","    }","","  }","","  response(itemArray, arrInterface, useResource) {","","    return {","      meta: this.meta(","        itemArray._meta.total,","        itemArray.length,","        itemArray._meta.offset,","        null,","        null,","        useResource && this.resourceFromModelArray(itemArray, arrInterface)","      ),","      data: itemArray.toObject(arrInterface)","    }","","  }","","  resourceFromArray(arr) {","","    function getType(v) {","      v = (v instanceof Array) ? v[0] : v;","      return {","        'boolean': 'boolean',","        'string': 'string',","        'number': 'float'","      }[(typeof v)] || ((v instanceof Date) ? 'datetime' : 'string');","    };","","    let fields = [];","","    if (arr.length && arr[0] && typeof arr[0] === 'object') {","      let datum = arr[0];","      fields = Object.keys(datum).map(function(v, i) {","","        return {","          name: v,","          type: getType(datum[v]),","          array: (v instanceof Array)","        }","","      });","    }","","    return {","      name: 'object',","      fields: fields","    }","","  }","","  resourceFromModelArray(modelArray, arrInterface) {","","    return modelArray._modelConstructor.toResource(arrInterface);","","  }","","}","","module.exports = new APIConstructor();",""],"l":{"3":1,"4":1,"5":1,"11":0,"12":0,"15":0,"16":0,"17":0,"18":0,"19":0,"22":0,"23":0,"26":0,"32":0,"33":0,"34":0,"35":0,"36":0,"39":0,"46":0,"47":0,"49":0,"55":0,"64":0,"65":0,"68":0,"84":0,"100":1,"101":0,"102":0,"109":0,"111":0,"112":0,"113":0,"115":0,"124":0,"133":0,"139":1}},"/home/travis/build/npmtest/node-npmtest-nodal/node_modules/nodal/core/required/model.js":{"path":"/home/travis/build/npmtest/node-npmtest-nodal/node_modules/nodal/core/required/model.js","s":{"1":1,"2":1,"3":1,"4":1,"5":1,"6":1,"7":1,"8":1,"9":1,"10":1,"11":0,"12":0,"13":0,"14":0,"15":0,"16":0,"17":0,"18":0,"19":0,"20":0,"21":0,"22":0,"23":0,"24":0,"25":0,"26":0,"27":0,"28":0,"29":0,"30":0,"31":0,"32":0,"33":0,"34":0,"35":0,"36":0,"37":0,"38":0,"39":0,"40":0,"41":0,"42":0,"43":0,"44":0,"45":0,"46":0,"47":0,"48":0,"49":0,"50":0,"51":0,"52":0,"53":0,"54":0,"55":0,"56":0,"57":0,"58":0,"59":0,"60":0,"61":0,"62":0,"63":0,"64":0,"65":0,"66":0,"67":0,"68":0,"69":0,"70":0,"71":0,"72":0,"73":0,"74":0,"75":0,"76":0,"77":0,"78":0,"79":0,"80":0,"81":0,"82":0,"83":0,"84":0,"85":0,"86":0,"87":0,"88":0,"89":0,"90":0,"91":0,"92":0,"93":0,"94":0,"95":0,"96":0,"97":0,"98":0,"99":0,"100":0,"101":0,"102":0,"103":0,"104":0,"105":0,"106":0,"107":0,"108":0,"109":0,"110":0,"111":0,"112":0,"113":0,"114":0,"115":0,"116":0,"117":0,"118":0,"119":0,"120":0,"121":0,"122":0,"123":0,"124":0,"125":0,"126":0,"127":0,"128":0,"129":0,"130":0,"131":0,"132":0,"133":0,"134":0,"135":0,"136":0,"137":0,"138":0,"139":0,"140":0,"141":0,"142":0,"143":0,"144":0,"145":0,"146":0,"147":0,"148":0,"149":0,"150":0,"151":0,"152":0,"153":0,"154":0,"155":0,"156":0,"157":0,"158":0,"159":0,"160":0,"161":0,"162":0,"163":0,"164":0,"165":0,"166":0,"167":0,"168":0,"169":0,"170":0,"171":0,"172":0,"173":0,"174":0,"175":0,"176":0,"177":0,"178":0,"179":0,"180":0,"181":0,"182":0,"183":0,"184":0,"185":0,"186":0,"187":0,"188":0,"189":0,"190":0,"191":0,"192":0,"193":0,"194":0,"195":0,"196":0,"197":0,"198":0,"199":0,"200":0,"201":0,"202":0,"203":0,"204":0,"205":0,"206":0,"207":0,"208":0,"209":0,"210":0,"211":0,"212":0,"213":0,"214":0,"215":0,"216":0,"217":0,"218":0,"219":0,"220":0,"221":0,"222":0,"223":0,"224":0,"225":0,"226":0,"227":0,"228":0,"229":0,"230":0,"231":0,"232":0,"233":0,"234":0,"235":0,"236":0,"237":0,"238":0,"239":0,"240":0,"241":0,"242":0,"243":0,"244":0,"245":0,"246":0,"247":0,"248":0,"249":0,"250":0,"251":0,"252":0,"253":0,"254":0,"255":0,"256":0,"257":0,"258":0,"259":0,"260":0,"261":0,"262":0,"263":0,"264":0,"265":0,"266":0,"267":0,"268":0,"269":0,"270":0,"271":0,"272":0,"273":0,"274":0,"275":0,"276":0,"277":0,"278":0,"279":0,"280":0,"281":0,"282":0,"283":0,"284":0,"285":0,"286":0,"287":0,"288":0,"289":0,"290":0,"291":0,"292":0,"293":0,"294":0,"295":0,"296":0,"297":0,"298":0,"299":0,"300":0,"301":0,"302":0,"303":0,"304":0,"305":0,"306":0,"307":0,"308":0,"309":0,"310":0,"311":0,"312":0,"313":0,"314":0,"315":0,"316":0,"317":0,"318":0,"319":0,"320":0,"321":0,"322":0,"323":0,"324":0,"325":0,"326":0,"327":0,"328":0,"329":0,"330":0,"331":0,"332":0,"333":0,"334":0,"335":0,"336":0,"337":0,"338":0,"339":0,"340":0,"341":0,"342":0,"343":0,"344":0,"345":0,"346":0,"347":0,"348":0,"349":0,"350":0,"351":0,"352":0,"353":0,"354":0,"355":0,"356":0,"357":0,"358":0,"359":0,"360":0,"361":0,"362":0,"363":0,"364":0,"365":0,"366":0,"367":0,"368":0,"369":0,"370":0,"371":0,"372":0,"373":0,"374":0,"375":0,"376":0,"377":0,"378":0,"379":0,"380":0,"381":0,"382":1,"383":1,"384":1,"385":1,"386":1,"387":1,"388":1,"389":1,"390":1,"391":1,"392":1,"393":1},"b":{"1":[0,0],"2":[0,0],"3":[0,0],"4":[0,0],"5":[0,0],"6":[0,0],"7":[0,0],"8":[0,0],"9":[0,0],"10":[0,0],"11":[0,0],"12":[0,0],"13":[0,0],"14":[0,0],"15":[0,0],"16":[0,0],"17":[0,0],"18":[0,0],"19":[0,0],"20":[0,0],"21":[0,0],"22":[0,0],"23":[0,0],"24":[0,0],"25":[0,0],"26":[0,0],"27":[0,0],"28":[0,0],"29":[0,0],"30":[0,0],"31":[0,0],"32":[0,0],"33":[0,0],"34":[0,0],"35":[0,0],"36":[0,0],"37":[0,0],"38":[0,0],"39":[0,0],"40":[0,0],"41":[0,0],"4
[...]
,"      let cb = callback;","      err && (cb = cb.bind(null, err));","      db.close(cb);","    }","","  }","","  bootstrap(callback) {","","    async.series([","      (cb) => this.drop(cb),","      (cb) => this.create(cb),","      (cb) => this.prepare(cb),","      (cb) => this.migrate(0, cb),","      (cb) => this.seed(cb)","    ], (err) => {","","      callback(err || null);","","    });","","  }","","  compose(callback) {","","    async.series([","      (cb) => this.prepare(cb),","      (cb) => this.migrate(0, cb),","      (cb) => this.seed(cb)","    ], (err) => {","","      callback(err || null);","","    });","","  }","","}","","module.exports = new Bootstrapper();",""],"l":{"3":4,"4":4,"5":4,"7":4,"8":4,"10":4,"12":4,"14":0,"20":0,"21":0,"22":0,"28":0,"29":0,"30":0,"36":0,"38":0,"39":0,"41":0,"44":0,"50":0,"56":0,"62":0,"64":0,"65":0,"68":0,"70":0,"72":0,"82":0,"83":0,"86":0,"88":0,"99":0,"101":0,"102":0,"105":0,"108":0,"114":0,"119":0,"133":0,"134":0,"137":0,"138":0,"140":0,"152":0,"154":0,"155":0,"158":0,"160":0,"162":0,"164":0,"165":0,"168":0,"169":0,"172":0,"174":0,"175":0,"176":0,"181":0,"184":0,"185":0,"188":0,"190":0,"192":0,"193":0,"198":0,"199":0,"202":0,"206":0,"207":0,"210":0,"224":0,"226":0,"227":0,"230":0,"232":0,"234":0,"236":0,"237":0,"240":0,"241":0,"244":0,"246":0,"247":0,"248":0,"253":0,"256":0,"257":0,"260":0,"262":0,"263":0,"265":0,"266":0,"271":0,"275":0,"276":0,"279":0,"292":0,"294":0,"295":0,"298":0,"300":0,"302":0,"303":0,"306":0,"314":0,"315":0,"316":0,"317":0,"324":0,"325":0,"326":0,"327":0,"328":0,"329":0,"332":0,"340":0,"341":0,"342":0,"343":0,"346":0,"354":0}},"/home/travis/build/npmtest/node-npmtest-nodal/node_modules/nodal/core/mocha/test.js":{"path":"/home/travis/build/npmtest/node-npmtest-nodal/node_modules/nodal/core/mocha/test.js","s":{"1":1,"2":0,"3":0,"4":0,"5":0,"6":0,"7":0,"8":0,"9":0,"10":0,"11":0,"12":0,"13":0,"14":0,"15":0,"16":1},"b":{"1":[0,0],"2":[0,0],"3":[0,0]},"f":{"1":0,"2":0,"3":0,"4":0,"5":0,"6":0,"7":0},"fnMap":{"1":{"name":"(anonymous_1)","line":7,"loc":{"start":{"line":7,"column":13},"end":{"line":7,"column":26}}},"2":{"name":"(anonymous_2)","line":15,"loc":{"start":{"line":15,"column":10},"end":{"line":15,"column":17}}},"3":{"name":"(anonymous_3)","line":28,"loc":{"start":{"line":28,"column":5},"end":{"line":28,"column":18}}},"4":{"name":"(anonymous_4)","line":32,"loc":{"start":{"line":32,"column":7},"end":{"line":32,"column":13}}},"5":{"name":"(anonymous_5)","line":36,"loc":{"start":{"line":36,"column":5},"end":{"line":36,"column":25}}},"6":{"name":"(anonymous_6)","line":40,"loc":{"start":{"line":40,"column":6},"end":{"line":40,"column":9}}},"7":{"name":"(anonymous_7)","line":48,"loc":{"start":{"line":48,"column":10},"end":{"line":48,"column":24}}}},"statementMap":{"1":{"start":{"line":3,"column":0},"end":{"line":3,"column":57}},"2":{"start":{"line":9,"column":4},"end":{"line":9,"column":20}},"3":{"start":{"line":10,"column":4},"end":{"line":10,"column":33}},"4":{"start":{"line":11,"column":4},"end":{"line":11,"column":79}},"5":{"start":{"line":11,"column":54},"end":{"line":11,"column":76}},"6":{"start":{"line":17,"column":4},"end":{"line":24,"column":7}},"7":{"start":{"line":19,"column":6},"end":{"line":19,"column":55}},"8":{"start":{"line":19,"column":36},"end":{"line":19,"column":53}},"9":{"start":{"line":20,"column":6},"end":{"line":20,"column":52}},"10":{"start":{"line":20,"column":34},"end":{"line":20,"column":50}},"11":{"start":{"line":22,"column":6},"end":{"line":22,"column":22}},"12":{"start":{"line":29,"column":4},"end":{"line":29,"column":35}},"13":{"start":{"line":33,"column":4},"end":{"line":33,"column":27}},"14":{"start":{"line":37,"column":4},"end":{"line":37,"column":75}},"15":{"start":{"line":50,"column":4},"end":{"line":50,"column":57}},"16":{"start":{"line":56,"column":0},"end":{"line":56,"column":22}}},"branchMap":{"1":{"line":19,"type":"binary-expr","locations":[{"start":{"line":19,"column":6},"end":{"line":19,"column":17}},{"start":{"line":19,"column":21},"end":{"line":19,"column":54}}]},"2":{"line":20,"type":"binary-expr","locations":[{"start":{"line":20,"column":6},"end":{"line":20,"column":16}},{"start":{"line":20,"column":20},"end":{"line":20,"column":51}}]},"3":{"line":37,"type":"cond-expr","locations":[{"start":{"line":37,"column":44},"end":{"line":37,"column":59}},{"start":{"line":37,"column":62},"end":{"line":37,"column":74}}]}},"code":["'use strict';","","const EndpointRequest = require('./endpoint_request.js');","","class Test {","","  constructor(testRunner) {","","    this._data = {};","    this.testRunner = testRunner;","    Object.defineProperty(this, 'router', {get: () => this.testRunner.router});","","  }","","  __test__(verb) {","","    describe(this.constructor.name, () => {","","      this.before && before(done => this.before(done));","      this.after && after(done => this.after(done));","","      this.test(verb);","","    });","","  }","","  set(key, value) {","    return this._data[key] = value;","  }","","  unset(key) {","    delete this._data[key];","  }","","  get(key, defaultValue) {","    return this._data.hasOwnProperty(key) ? this._data[key] : defaultValue;","  }","","  test() {}","","  /**","  * Creates a new MockRequest object (emulates an HTTP request)","  * @param {string} path The path you wish to hit","  * @param {Object} query The query parameters you wish to pass","  * @return {Nodal.EndpointRequest}","  */","  endpoint(path, query) {","","    return new EndpointRequest(this.router, path, query);","","  }","","}","","module.exports = Test;",""],"l":{"3":1,"9":0,"10":0,"11":0,"17":0,"19":0,"20":0,"22":0,"29":0,"33":0,"37":0,"50":0,"56":1}},"/home/travis/build/npmtest/node-npmtest-nodal/node_modules/nodal/core/mocha/endpoint_request.js":{"path":"/home/travis/build/npmtest/node-npmtest-nodal/node_modules/nodal/core/mocha/endpoint_request.js","s":{"1":1,"2":0,"3":0,"4":0,"5":0,"6":0,"7":0,"8":0,"9":0,"10":0,"11":0,"12":0,"13":0,"14":0,"15":0,"16":0,"17":0,"18":0,"19":0,"20":0,"21":0,"22":0,"23":0,"24":0,"25":0,"26":0,"27":0,"28":0,"29":0,"30":0,"31":0,"32":0,"33":1},"b":{"1":[0,0],"2":[0,0],"3":[0,0],"4":[0,0],"5":[0,0],"6":[0,0],"7":[0,0],"8":[0,0],"9":[0,0]},"f":{"1":0,"2":0,"3":0,"4":0,"5":0,"6":0,"7":0},"fnMap":{"1":{"name":"(anonymous_1)","line":7,"loc":{"start":{"line":7,"column":13},"end":{"line":7,"column":36}}},"2":{"name":"(anonymous_2)","line":20,"loc":{"start":{"line":20,"column":6},"end":{"line":20,"column":14}}},"3":{"name":"(anonymous_3)","line":31,"loc":{"start":{"line":31,"column":6},"end":{"line":31,"column":40}}},"4":{"name":"(anonymous_4)","line":80,"loc":{"start":{"line":80,"column":5},"end":{"line":80,"column":16}}},"5":{"name":"(anonymous_5)","line":86,"loc":{"start":{"line":86,"column":5},"end":{"line":86,"column":16}}},"6":{"name":"(anonymous_6)","line":92,"loc":{"start":{"line":92,"column":6},"end":{"line":92,"column":23}}},"7":{"name":"(anonymous_7)","line":98,"loc":{"start":{"line":98,"column":5},"end":{"line":98,"column":22}}}},"statementMap":{"1":{"start":{"line":3,"column":0},"end":{"line":3,"column":34}},"2":{"start":{"line":9,"column":4},"end":{"line":9,"column":25}},"3":{"start":{"line":10,"column":4},"end":{"line":10,"column":65}},"4":{"start":{"line":11,"column":4},"end":{"line":11,"column":44}},"5":{"start":{"line":12,"column":4},"end":{"line":12,"column":22}},"6":{"start":{"line":14,"column":4},"end":{"line":16,"column":5}},"7":{"start":{"line":15,"column":6},"end":{"line":15,"column":64}},"8":{"start":{"line":22,"column":4},"end":{"line":24,"column":5}},"9":{"start":{"line":23,"column":6},"end":{"line":23,"column":57}},"10":{"start":{"line":26,"column":4},"end":{"line":26,"column":23}},"11":{"start":{"line":27,"column":4},"end":{"line":27,"column":16}},"12":{"start":{"line":33,"column":4},"end":{"line":33,"column":28}},"13":{"start":{"line":35,"column":4},"end":{"line":37,"column":5}},"14":{"start":{"line":36,"column":6},"end":{"line":36,"column":56}},"15":{"start":{"line":39,"column":4},"end":{"line":46,"column":5}},"16":{"start":{"line":41,"column":11},"end":{"line":46,"column":5}},"17":{"start":{"line":42,"column":6},"end":{"line":42,"column":46}},"18":{"start":{"line":43,"column":6},"end":{"line":43,"column":51}},"19":{"start":{"line":45,"column":6},"end":{"line":45,"column":35}},"20":{"start":{"line":48,"column":4},"end":{"line":76,"column":6}},"21":{"start":{"line":58,"column":8},"end":{"line":58,"column":24}},"22":{"start":{"line":60,"column":8},"end":{"line":71,"column":9}},"23":{"start":{"line":61,"column":10},"end":{"line":61,"column":23}},"24":{"start":{"line":62,"column":10},"end":{"line":62,"column":31}},"25":{"start":{"line":65,"column":10},"end":{"line":69,"column":11}},"26":{"start":{"line":66,"column":12},"end":{"line":66,"column":47}},"27":{"start":{"line":68,"column":12},"end":{"line":68,"column":24}},"28":{"start":{"line":73,"column":8},"end":{"line":73,"column":46}},"29":{"start":{"line":82,"column":4},"end":{"line":82,"column":41}},"30":{"start":{"line":88,"column":4},"end":{"line":88,"column":44}},"31":{"start":{"line":94,"column":4},"end":{"line":94,"column":42}},"32":{"start":{"line":100,"column":4},"end":{"line":100,"column":41}},"33":{"start":{"line":106,"column":0},"end":{"line":106,"column":33}}},"branchMap":{"1":{"line":10,"type":"cond-expr","locations":[{"start":{"line":10,"column":32},"end":{"line":10,"column":58}},{"start":{"line":10,"column":61},"end":{"line":10,"column":63}}]},"2":{"line":14,"type":"if","locations":[{"start":{"line":14,"column":4},"end":{"line":14,"column":4}},{"start":{"line":14,"column":4},"end":{"line":14,"column":4}}]},"3":{"line":22,"type":"if","locations":[{"start":{"line":22,"column":4},"end":{"line":22,"column":4}},{"start":{"line":22,"column":4},"end":{"line":22,"column":4}}]},"4":{"line":33,"type":"binary-expr","locations":[{"start":{"line":33,"column":14},"end":{"line":33,"column":21}},{"start":{"line":33,"column":25},"end":{"line":33,"column":27}}]},"5":{"line":35,"type":"if","locations":[{"start":{"line":35,"column":4},"end":{"line":35,"column":4}},{"start":{"line":35,"column":4},"end":{"line":35,"column":4}}]},"6":{"line":39,"type":"if","locations":[{"start":{"line":39,"column":4},"end":{"line":39,"column":4}},{"start":{"line":39,"column":4},"end":{"line":39,"column":4}}]},"7":{"line":41,"type":"if","locations":[{"start":{"line":41,"column":11},"end":{"line":41,"column":11}},{"start":{"line":41,"column":11},"end":{"line":41,"column":11}}]},"8":{"line":41,"type":"binary-expr","locations":[{"start":{"line":41,"column":15},"end":{"line":41,"column":19}},{"start":{"line":41,"column":23},"end":{"line":41,"column":47}}]},"9":{"line":60,"type":"if","locations":[{"start":{"line":60,"column":8},"end":{"line":60,"column":8}},{"start":{"line":60,"column":8},"end":{"line":60,"column":8}}]}},"code":["'use strict';","","const qs = require('querystring');","","class EndpointRequest {","","  constructor(router, path, params) {","","    this.router = router;","    this.url = path + (params ? `?${qs.stringify(params)}` : '');","    this.route = this.router.find(this.url);","    this.token = null;","","    if (!this.route) {","      throw new Error(`Route for ${this._path} does not exist`);","    }","","  }","","  auth(token) {","","    if (this.token) {","      throw new Error('Authorization token already set');","    }","","    this.token = token;","    return this;","","  }","","  mock(method, headers, body, callback) {","","    headers = headers || {};","","    if (this.token) {","      headers['authorization'] = `Bearer ${this.token}`;","    }","","    if (body instanceof Buffer) {","      // do nothing","    } else if (body && typeof body === 'object') {","      body = new Buffer(JSON.stringify(body));","      headers['content-type'] = 'application/json';","    } else {","      body = new Buffer(body + '');","    }","","    return this.router.dispatch(","      this.router.prepare(","        '::1',","        this.url,","        method,","        headers,","        body","      ),","      (err, status, headers, body) => {","","        let json = null;","","        if (err) {","          status = 500;","          body = new Buffer(0);","        } else {","","          try {","            json = JSON.parse(body.toString());","          } catch (e) {","            json = null;","          }","","        }","","        callback(status, headers, body, json);","","      }","    );","","  }","","  get(callback) {","","    this.mock('GET', {}, null, callback);","","  }","","  del(callback) {","","    this.mock('DELETE', {}, null, callback);","","  }","","  post(body, callback) {","","    this.mock('POST', {}, body, callback);","","  }","","  put(body, callback) {","","    this.mock('PUT', {}, body, callback);","","  }","","}","","module.exports = EndpointRequest;",""],"l":{"3":1,"9":0,"10":0,"11":0,"12":0,"14":0,"15":0,"22":0,"23":0,"26":0,"27":0,"33":0,"35":0,"36":0,"39":0,"41":0,"42":0,"43":0,"45":0,"48":0,"58":0,"60":0,"61":0,"62":0,"65":0,"66":0,"68":0,"73":0,"82":0,"88":0,"94":0,"100":0,"106":1}},"/home/travis/build/npmtest/node-npmtest-nodal/node_modules/nodal/core/mocha/test_runner.js":{"path":"/home/travis/build/npmtest/node-npmtest-nodal/node_modules/nodal/core/mocha/test_runner.js","s":{"1":1,"2":1,"3":0,"4":0,"5":0,"6":0,"7":0,"8":0,"9":0,"10":0,"11":0,"12":0,"13":0,"14":0,"15":0,"16":0,"17":0,"18":0,"19":0,"20":0,"21":0,"22":0,"23":0,"24":1},"b":{"1":[0,0],"2":[0,0],"3":[0,0],"4":[0,0],"5":[0,0],"6":[0,0],"7":[0,0]},"f":{"1":0,"2":0,"3":0},"fnMap":{"1":{"name":"(anonymous_1)","line":8,"loc":{"start":{"line":8,"column":13},"end":{"line":8,"column":27}}},"2":{"name":"(anonymous_2)","line":15,"loc":{"start":{"line":15,"column":7},"end":{"line":15,"column":10}}},"3":{"name":"(anonymous_3)","line":54,"loc":{"start":{"line":54,"column":7},"end":{"line":54,"column":14}}}},"statementMap":{"1":{"start":{"line":3,"column":0},"end":{"line":3,"column":25}},"2":{"start":{"line":4,"column":0},"end":{"line":4,"column":29}},"3":{"start":{"line":10,"column":4},"end":{"line":10,"column":19}},"4":{"start":{"line":11,"column":4},"end":{"line":11,"column":25}},"5":{"start":{"line":17,"column":4},"end":{"line":17,"column":19}},"6":{"start":{"line":18,"column":4},"end":{"line":18,"column":15}},"7":{"start":{"line":20,"column":4},"end":{"line":23,"column":5}},"8":{"start":{"line":21,"column":6},"end":{"line":21,"column":31}},"9":{"start":{"line":22,"column":6},"end":{"line":22,"column":64}},"10":{"start":{"line":25,"column":4},"end":{"line":45,"column":6}},"11":{"start":{"line":27,"column":6},"end":{"line":43,"column":7}},"12":{"start":{"line":29,"column":8},"end":{"line":34,"column":9}},"13":{"start":{"line":31,"column":10},"end":{"line":31,"column":52}},"14":{"start":{"line":32,"column":10},"end":{"line":32,"column":70}},"15":{"start":{"line":36,"column":8},"end":{"line":38,"column":9}},"16":{"start":{"line":37,"column":10},"end":{"line":37,"column":17}},"17":{"start":{"line":40,"column":8},"end":{"line":40,"column":56}},"18":{"start":{"line":41,"column":8},"end":{"line":41,"column":35}},"19":{"start":{"line":47,"column":4},"end":{"line":47,"column":63}},"20":{"start":{"line":48,"column":4},"end":{"line":48,"column":54}},"21":{"start":{"line":50,"column":4},"end":{"line":50,"column":17}},"22":{"start":{"line":56,"column":4},"end":{"line":60,"column":7}},"23":{"start":{"line":58,"column":6},"end":{"line":58,"column":23}},"24":{"start":{"line":66,"column":0},"end":{"line":66,"column":28}}},"branchMap":{"1":{"line":20,"type":"if","locations":[{"start":{"line":20,"column":4},"end":{"line":20,"column":4}},{"start":{"line":20,"column":4},"end":{"line":20,"column":4}}]},"2":{"line":22,"type":"cond-expr","locations":[{"start":{"line":22,"column":40},"end":{"line":22,"column":46}},{"start":{"line":22,"column":49},"end":{"line":22,"column":63}}]},"3":{"line":29,"type":"if","locations":[{"start":{"line":29,"column":8},"end":{"line":29,"column":8}},{"start":{"line":29,"column":8},"end":{"line":29,"column":8}}]},"4":{"line":29,"type":"binary-expr","locations":[{"start":{"line":29,"column":12},"end":{"line":29,"column":35}},{"start":{"line":29,"column":39},"end":{"line":29,"column":58}}]},"5":{"line":36,"type":"if","locations":[{"start":{"line":36,"column":8},"end":{"line":36,"column":8}},{"start":{"line":36,"column":8},"end":{"line":36,"column":8}}]},"6":{"line":36,"type":"binary-expr","locations":[{"start":{"line":36,"column":12},"end":{"line":36,"column":18}},{"start":{"line":36,"column":22},"end":{"line":36,"column":41}}]},"7":{"line":47,"type":"binary-expr","locations":[{"start":{"line":47,"column":46},"end":{"line":47,"column":54}},{"start":{"line":47,"column":58},"end":{"line":47,"column":61}}]}},"code":["'use strict';","","const fs = require('fs');","const path = require('path');","","class TestRunner {","","  constructor(dir, router) {","","    this.dir = dir;","    this.router = router;","","  }","","  tests() {","","    let tests = [];","    let filter;","","    if (process.argv.length > 3) {","      filter = process.argv[3];","      filter = filter.endsWith('.js') ? filter : `${filter}.js`;","    }","","    let addTest = dir => {","","      return filename => {","","        if (!path.extname(filename) && filename[0] !== '.') {","","          let nextDir = path.resolve(dir, filename);","          return fs.readdirSync(nextDir).forEach(addCommand(nextDir));","","        }","","        if (filter && filename !== filter) {","          return;","        }","","        let Test = require(path.resolve(dir, filename));","        tests.push(new Test(this));","","      }","","    };","","    let testDir = path.resolve(process.cwd(), this.dir || '/');","    fs.readdirSync(testDir).forEach(addTest(testDir));","","    return tests;","","  }","","  start(verb) {","","    this.tests().forEach(t => {","","      t.__test__(verb);","","    });","","  }","","}","","module.exports = TestRunner;",""],"l":{"3":1,"4":1,"10":0,"11":0,"17":0,"18":0,"20":0,"21":0,"22":0,"25":0,"27":0,"29":0,"31":0,"32":0,"36":0,"37":0,"40":0,"41":0,"47":0,"48":0,"50":0,"56":0,"58":0,"66":1}},"/home/travis/build/npmtest/node-npmtest-nodal/node_modules/nodal/src/cluster.js":{"path":"/home/travis/build/npmtest/node-npmtest-nodal/node_modules/nodal/src/cluster.js","s":{"1":2,"2":2,"3":2,"4":2,"5":2,"6":0,"7":0},"b":{"1":[2,0]},"f":{},"fnMap":{},"statementMap":{"1":{"start":{"line":3,"column":0},"end":{"line":3,"column":31}},"2":{"start":{"line":4,"column":0},"end":{"line":4,"column":35}},"3":{"start":{"line":6,"column":0},"end":{"line":16,"column":1}},"4":{"start":{"line":8,"column":2},"end":{"line":8,"column":36}},"5":{"start":{"line":9,"column":2},"end":{"line":9,"column":45}},"6":{"start":{"line":13,"column":2},"end":{"line":13,"column":38}},"7":{"start":{"line":14,"column":2},"end":{"line":14,"column":43}}},"branchMap":{"1":{"line":6,"type":"if","locations":[{"start":{"line":6,"column":0},"end":{"line":6,"column":0}},{"start":{"line":6,"column":0},"end":{"line":6,"column":0}}]}},"code":["'use strict';","","const Nodal = require('nodal');","const cluster = require('cluster');","","if (cluster.isMaster) {","","  const daemon = new Nodal.Daemon();","  daemon.start(Nodal.my.Config.secrets.port);","","} else {","","  const app = new Nodal.Application();","  app.listen(Nodal.my.Config.secrets.port);","","}",""],"l":{"3":2,"4":2,"6":2,"8":2,"9":2,"13":0,"14":0}},"/home/travis/build/npmtest/node-npmtest-nodal/node_modules/nodal/src/worker.js":{"path":"/home/travis/build/npmtest/node-npmtest-nodal/node_modules/nodal/src/worker.js","s":{"1":2,"2":2,"3":0},"b":{},"f":{},"fnMap":{},"statementMap":{"1":{"start":{"line":3,"column":0},"end":{"line":3,"column":31}},"2":{"start":{"line":5,"column":0},"end":{"line":5,"column":58}},"3":{"start":{"line":7,"column":0},"end":{"line":7,"column":22}}},"branchMap":{},"code":["'use strict';","","const Nodal = require('nodal');","","const SchedulerMain = Nodal.require('schedulers/main.js');","","SchedulerMain.start();",""],"l":{"3":2,"5":2,"7":0}}}